SF:lib/bn.dart
DA:7,0
DA:9,7
DA:10,14
DA:11,21
DA:12,35
DA:21,25
DA:23,39
DA:24,21
DA:25,0
DA:27,15
DA:28,30
DA:31,1
DA:32,1
DA:33,1
DA:35,0
DA:36,0
DA:38,0
DA:39,0
DA:44,7
DA:45,14
DA:50,3
DA:51,3
DA:52,6
DA:55,3
DA:56,3
DA:59,9
DA:60,9
DA:61,3
DA:62,3
DA:65,3
DA:68,24
DA:72,24
DA:73,6
DA:75,24
DA:76,48
DA:79,4
DA:80,8
DA:95,3
DA:103,6
DA:104,3
DA:106,4
DA:113,10
DA:119,14
DA:120,2
DA:125,3
DA:128,3
DA:129,6
DA:132,24
DA:134,24
DA:137,72
DA:138,48
DA:139,24
DA:141,24
DA:143,17
DA:144,5
DA:145,17
DA:147,17
DA:148,51
DA:149,136
DA:151,51
DA:152,17
DA:160,33
DA:161,11
DA:164,24
DA:165,2
DA:184,4
DA:185,4
DA:186,12
DA:187,8
DA:188,12
DA:190,6
DA:192,12
DA:195,4
DA:196,12
DA:198,8
DA:202,20
DA:203,2
DA:206,4
DA:207,4
DA:213,2
DA:214,4
DA:217,10
DA:219,35
DA:221,36
DA:223,50
DA:225,50
DA:227,40
DA:229,4
DA:231,4
DA:234,10
DA:241,40
DA:244,10
DA:247,18
DA:248,18
DA:249,51
DA:251,13
DA:252,39
DA:254,0
DA:255,0
DA:257,0
DA:260,5
DA:261,10
DA:264,3
DA:265,6
DA:268,13
DA:269,26
DA:272,3
DA:273,6
DA:276,17
DA:277,34
DA:280,3
DA:281,6
DA:284,11
DA:285,22
DA:288,3
DA:289,3
DA:296,3
DA:297,3
DA:300,8
DA:301,16
LF:120
LH:111
end_of_record
SF:lib/br.dart
DA:27,17
DA:28,18
DA:29,17
DA:32,1
DA:33,3
DA:36,11
DA:37,44
DA:40,16
DA:41,4
DA:42,16
DA:43,32
DA:45,48
DA:46,16
DA:50,11
DA:51,16
DA:52,55
DA:53,33
DA:54,22
DA:55,33
DA:56,55
DA:61,16
DA:62,48
DA:64,32
DA:65,48
DA:69,1
DA:70,3
DA:72,2
DA:73,3
DA:77,1
DA:78,3
DA:80,2
DA:81,3
DA:85,1
DA:86,3
DA:88,2
DA:89,3
DA:93,7
DA:94,21
DA:96,14
DA:97,21
DA:101,1
DA:102,3
DA:104,2
DA:105,3
DA:109,1
DA:110,3
DA:112,2
DA:113,3
DA:117,1
DA:118,3
DA:120,2
DA:121,3
DA:125,11
DA:126,33
DA:128,22
DA:129,33
DA:133,1
DA:134,3
DA:136,2
DA:137,3
DA:141,1
DA:142,5
DA:143,1
DA:144,3
DA:148,10
DA:149,10
DA:150,10
DA:154,12
DA:155,12
DA:158,12
DA:159,5
DA:160,12
DA:161,1
DA:162,12
DA:163,1
DA:164,1
DA:165,2
DA:176,10
DA:177,30
DA:178,10
DA:180,10
DA:181,8
DA:182,10
DA:183,2
DA:184,10
DA:185,2
DA:187,10
DA:191,3
DA:192,3
DA:194,3
DA:195,2
DA:196,3
DA:197,2
DA:198,3
DA:199,2
DA:201,2
LF:96
LH:96
end_of_record
SF:lib/bw.dart
DA:19,19
DA:20,38
DA:27,1
DA:29,2
DA:31,2
DA:36,19
DA:37,76
DA:40,4
DA:41,8
DA:44,19
DA:45,95
DA:46,19
DA:50,10
DA:51,20
DA:52,30
DA:53,50
DA:55,50
DA:56,10
DA:60,16
DA:61,16
DA:62,32
DA:63,16
DA:64,16
DA:68,1
DA:69,1
DA:70,2
DA:71,1
DA:72,1
DA:76,1
DA:77,1
DA:78,2
DA:79,1
DA:80,1
DA:84,1
DA:85,1
DA:86,2
DA:87,1
DA:88,1
DA:92,4
DA:93,4
DA:94,8
DA:95,4
DA:96,4
DA:100,1
DA:101,1
DA:102,2
DA:103,1
DA:104,1
DA:108,4
DA:109,4
DA:110,8
DA:111,4
DA:112,4
DA:117,1
DA:118,1
DA:120,2
DA:121,1
DA:122,1
DA:127,11
DA:128,11
DA:129,22
DA:130,11
DA:131,11
DA:135,5
DA:136,5
DA:137,10
DA:138,5
DA:139,5
DA:143,1
DA:144,2
DA:145,1
DA:149,10
DA:150,20
DA:151,10
DA:155,13
DA:156,13
DA:157,13
DA:161,3
DA:162,3
DA:163,3
DA:167,13
DA:170,13
DA:171,13
DA:172,26
DA:173,13
DA:174,2
DA:175,4
DA:176,4
DA:177,2
DA:178,2
DA:179,1
DA:180,2
DA:181,2
DA:182,1
DA:183,1
DA:185,2
DA:186,2
DA:187,1
DA:188,3
DA:189,3
DA:194,3
DA:197,3
DA:198,3
DA:199,2
DA:200,4
DA:201,2
DA:202,2
DA:203,2
DA:204,2
DA:205,1
DA:206,1
DA:207,2
DA:208,2
DA:209,2
DA:210,1
DA:211,1
DA:213,4
DA:214,2
DA:215,2
DA:216,2
DA:217,4
LF:121
LH:121
end_of_record
SF:lib/var_int.dart
DA:22,10
DA:23,10
DA:26,1
DA:27,2
DA:30,10
DA:31,20
DA:34,8
DA:35,16
DA:38,3
DA:39,6
DA:42,5
DA:43,10
DA:46,4
DA:47,8
DA:51,9
DA:52,9
DA:56,1
DA:57,2
DA:61,1
DA:62,4
DA:66,10
DA:67,40
DA:71,1
DA:72,1
DA:75,1
DA:76,4
DA:79,10
DA:80,40
LF:28
LH:28
end_of_record
SF:lib/extentsions/list.dart
DA:8,0
DA:9,0
DA:10,0
DA:12,0
DA:14,0
DA:15,0
DA:18,0
DA:19,0
DA:20,0
DA:22,0
DA:25,22
DA:27,88
DA:28,22
DA:31,21
DA:32,21
DA:33,21
DA:63,22
DA:64,22
DA:65,22
DA:67,22
DA:68,22
DA:70,22
DA:71,66
DA:77,22
DA:80,22
DA:81,3
DA:83,22
DA:89,4
DA:92,8
DA:99,8
DA:100,4
DA:103,3
DA:105,8
DA:107,8
DA:110,4
DA:112,4
DA:116,3
DA:118,3
DA:120,2
DA:121,2
DA:122,2
DA:125,3
DA:126,6
DA:131,2
DA:132,2
DA:133,2
DA:136,2
DA:137,2
DA:138,2
LF:49
LH:39
end_of_record
SF:lib/extentsions/string.dart
DA:4,0
DA:5,0
DA:8,0
DA:9,0
DA:12,24
DA:13,111
DA:16,6
DA:17,6
DA:20,3
DA:22,3
DA:29,3
DA:30,3
DA:31,3
DA:35,3
DA:39,3
DA:40,1
DA:41,1
DA:45,3
DA:49,3
DA:52,3
LF:20
LH:16
end_of_record
SF:lib/script.dart
DA:39,11
DA:65,11
DA:66,22
DA:69,2
DA:70,4
DA:73,4
DA:74,8
DA:77,1
DA:78,2
DA:81,1
DA:82,2
DA:85,1
DA:86,2
DA:89,1
DA:90,2
DA:93,0
DA:94,0
DA:97,0
DA:98,0
DA:101,1
DA:102,2
DA:105,1
DA:106,2
DA:109,1
DA:110,2
DA:113,1
DA:114,2
DA:117,1
DA:118,2
DA:121,4
DA:122,8
DA:125,1
DA:126,2
DA:129,8
DA:130,16
DA:133,3
DA:134,6
DA:137,6
DA:138,6
DA:141,6
DA:142,6
DA:145,3
DA:146,9
DA:150,10
DA:151,30
DA:153,10
DA:154,10
DA:155,10
DA:158,20
DA:159,20
DA:161,8
DA:162,16
DA:167,10
DA:169,4
DA:170,4
DA:172,1
DA:174,6
DA:179,10
DA:181,3
DA:182,3
DA:184,1
DA:186,6
DA:191,10
DA:194,2
DA:195,2
DA:197,1
DA:199,4
DA:206,20
DA:215,10
DA:216,10
DA:218,40
DA:219,20
DA:220,10
DA:221,10
DA:222,10
DA:223,9
DA:224,18
DA:225,3
DA:226,6
DA:227,6
DA:228,3
DA:229,6
DA:230,6
DA:231,2
DA:232,4
DA:233,4
DA:238,10
DA:241,2
DA:242,4
DA:245,11
DA:246,33
DA:247,11
DA:248,11
DA:253,9
DA:254,27
DA:255,9
DA:259,9
DA:261,18
DA:262,9
DA:265,9
DA:266,8
DA:270,5
DA:271,10
DA:272,25
DA:273,10
DA:278,5
DA:279,0
DA:280,0
DA:283,0
DA:287,8
DA:288,8
DA:289,8
DA:290,8
DA:293,10
DA:294,4
DA:296,6
DA:300,2
DA:302,16
DA:305,8
DA:311,10
DA:314,40
DA:315,20
DA:316,10
DA:317,10
DA:318,9
DA:319,36
DA:321,4
DA:324,7
DA:325,7
DA:326,7
DA:327,8
DA:329,28
DA:330,35
DA:334,20
DA:341,3
DA:342,3
DA:343,3
DA:345,9
DA:346,3
DA:347,3
DA:351,18
DA:352,3
DA:353,9
DA:354,6
DA:355,6
DA:358,4
DA:360,8
DA:361,2
DA:362,6
DA:363,3
DA:364,3
DA:365,3
DA:366,6
DA:368,1
DA:369,1
DA:370,6
DA:371,6
DA:372,6
DA:373,6
DA:374,3
DA:379,3
DA:380,6
DA:387,1
DA:389,4
DA:390,2
DA:391,1
DA:392,3
DA:393,1
DA:394,3
DA:395,2
DA:396,3
DA:397,3
DA:399,3
DA:402,2
DA:409,4
DA:410,12
DA:412,4
DA:414,8
DA:415,4
DA:418,4
DA:419,2
DA:427,4
DA:429,4
DA:430,2
DA:431,4
DA:433,2
DA:434,1
DA:436,3
DA:437,3
DA:439,6
DA:442,3
DA:443,6
DA:445,2
DA:447,2
DA:449,2
DA:453,6
DA:455,3
DA:458,3
DA:460,4
DA:461,2
DA:470,2
DA:472,8
DA:473,4
DA:474,4
DA:477,2
DA:480,2
DA:481,2
DA:483,2
DA:485,1
DA:488,1
DA:490,1
DA:491,1
DA:493,1
DA:495,4
DA:498,0
DA:499,0
DA:500,0
DA:502,0
DA:506,6
DA:507,8
DA:513,1
DA:514,1
DA:515,1
DA:519,1
DA:520,1
DA:521,1
DA:522,1
DA:526,1
DA:527,1
DA:528,1
DA:529,2
DA:531,1
DA:536,1
DA:537,1
DA:538,2
DA:539,4
DA:542,0
DA:543,0
DA:544,0
DA:554,3
DA:555,6
DA:558,3
DA:559,3
DA:560,3
DA:561,3
DA:562,3
DA:566,1
DA:567,2
DA:568,1
DA:569,1
DA:570,3
DA:571,2
DA:572,2
DA:573,1
DA:575,2
DA:578,3
DA:579,1
DA:581,3
DA:598,1
DA:599,1
DA:600,1
DA:602,3
DA:603,2
DA:604,3
DA:606,4
DA:607,1
DA:611,5
DA:612,5
DA:613,20
DA:614,20
DA:615,15
DA:618,5
DA:622,3
DA:623,12
DA:624,6
DA:625,3
DA:626,3
DA:633,2
DA:634,8
DA:635,7
DA:636,3
DA:643,2
DA:644,6
DA:647,8
DA:650,2
DA:651,1
DA:652,1
DA:655,3
DA:656,9
DA:658,6
DA:659,12
DA:660,9
DA:662,6
DA:663,12
DA:664,9
DA:665,9
DA:666,9
DA:668,6
DA:669,12
DA:670,9
DA:672,6
DA:673,12
DA:686,2
DA:687,6
DA:688,6
DA:689,4
DA:690,6
DA:691,0
DA:698,4
DA:699,4
DA:700,8
DA:701,6
DA:702,6
DA:703,6
DA:710,1
DA:711,1
DA:715,8
DA:722,1
DA:723,5
DA:724,2
DA:727,5
DA:728,2
DA:730,1
DA:731,2
DA:732,1
DA:740,8
DA:741,2
DA:744,6
DA:750,1
DA:751,4
DA:754,2
DA:755,2
DA:759,6
DA:771,4
DA:772,8
DA:773,16
DA:774,16
DA:775,8
DA:776,4
DA:777,6
DA:783,1
DA:784,2
DA:785,1
DA:786,1
DA:791,2
DA:792,4
DA:793,4
DA:794,2
DA:795,2
DA:800,5
DA:801,10
DA:805,1
DA:806,3
DA:811,3
DA:812,6
DA:813,2
DA:814,9
DA:815,6
DA:816,12
DA:818,5
DA:820,6
DA:821,3
DA:826,1
DA:827,2
DA:831,1
DA:832,6
DA:838,7
DA:840,7
DA:841,28
DA:842,7
DA:843,8
DA:845,6
DA:847,6
DA:849,3
DA:854,14
DA:862,1
DA:863,6
DA:869,2
DA:870,4
DA:871,2
DA:872,2
DA:876,4
DA:878,1
DA:879,10
DA:881,4
DA:882,8
DA:884,1
DA:885,4
DA:887,4
DA:888,4
DA:890,2
DA:891,4
DA:893,2
LF:393
LH:378
end_of_record
SF:lib/tx_out.dart
DA:26,9
DA:31,9
DA:32,9
DA:33,9
DA:36,6
DA:40,12
DA:46,3
DA:47,3
DA:48,6
DA:49,9
DA:50,9
DA:54,3
DA:55,3
DA:56,6
DA:57,6
DA:58,6
DA:62,7
DA:63,28
DA:64,7
DA:68,6
DA:72,6
DA:75,6
DA:79,8
DA:80,16
DA:81,24
DA:82,48
DA:86,1
DA:87,3
DA:90,2
DA:91,8
DA:94,2
DA:95,4
DA:98,8
DA:100,5
DA:102,16
DA:103,32
DA:104,32
DA:108,4
DA:109,8
DA:112,2
DA:113,4
LF:41
LH:41
end_of_record
SF:lib/address.dart
DA:39,7
DA:45,7
DA:46,7
DA:47,19
DA:48,7
DA:49,12
DA:63,2
DA:64,6
DA:67,6
DA:70,4
DA:71,4
DA:75,1
DA:76,2
DA:79,1
DA:80,2
DA:83,7
DA:84,7
DA:85,14
DA:89,1
DA:90,2
DA:93,7
DA:94,21
DA:95,14
DA:98,4
DA:99,8
DA:102,3
DA:103,6
DA:104,9
DA:105,6
DA:108,1
DA:109,2
DA:112,1
DA:113,1
DA:114,1
DA:117,0
DA:118,0
DA:121,2
DA:122,2
DA:123,4
DA:126,1
DA:127,2
DA:130,1
DA:133,2
DA:137,1
DA:141,1
DA:143,1
DA:150,3
DA:151,3
DA:152,3
DA:153,3
DA:154,9
DA:155,3
DA:156,3
DA:161,1
DA:162,1
DA:163,5
DA:165,2
DA:168,1
DA:169,2
DA:172,2
DA:173,8
DA:176,2
DA:177,4
DA:180,5
DA:181,15
DA:182,20
DA:207,5
DA:208,15
DA:211,1
DA:212,5
DA:215,3
DA:221,1
DA:222,2
DA:226,1
DA:230,1
DA:233,2
DA:234,2
DA:239,1
DA:243,1
DA:246,2
DA:247,2
DA:252,0
DA:256,0
DA:259,0
DA:260,0
LF:85
LH:79
end_of_record
SF:lib/constants.dart
DA:3,45
DA:6,9
DA:9,3
DA:12,0
LF:4
LH:3
end_of_record
SF:lib/hash.dart
DA:14,16
DA:16,6
DA:18,21
DA:20,0
DA:26,3
DA:32,2
DA:33,2
DA:34,4
DA:37,16
DA:38,16
DA:40,32
DA:43,10
DA:44,30
DA:47,11
DA:48,11
DA:49,22
DA:52,11
DA:53,33
DA:56,1
DA:57,1
DA:58,2
DA:61,1
DA:62,4
DA:63,2
DA:66,7
DA:67,28
DA:68,14
DA:71,4
DA:72,16
DA:73,8
LF:30
LH:29
end_of_record
SF:lib/op_code.dart
DA:19,11
DA:20,11
DA:23,0
DA:24,0
DA:28,3
DA:30,3
DA:33,11
DA:34,11
DA:38,9
DA:51,10
DA:53,20
DA:55,0
DA:56,0
DA:63,9
DA:64,9
LF:15
LH:11
end_of_record
SF:lib/priv_key.dart
DA:15,15
DA:20,15
DA:21,15
DA:22,15
DA:23,30
DA:37,1
DA:38,1
DA:41,2
DA:46,0
DA:47,0
DA:50,0
DA:54,10
DA:55,20
DA:58,5
DA:59,10
DA:62,5
DA:63,5
DA:66,2
DA:67,4
DA:70,2
DA:71,2
DA:74,4
DA:75,8
DA:78,4
DA:79,4
DA:82,5
DA:84,45
DA:85,5
DA:86,3
DA:87,1
DA:95,15
DA:105,20
DA:108,6
DA:109,6
DA:113,1
DA:114,2
DA:115,1
DA:118,1
DA:119,2
DA:122,11
DA:128,11
DA:129,11
DA:130,22
DA:134,11
DA:135,11
DA:139,3
DA:140,3
DA:146,6
DA:147,3
DA:149,3
DA:150,3
DA:151,3
DA:152,3
DA:155,3
DA:161,2
DA:162,6
DA:165,2
DA:166,2
DA:169,3
DA:170,6
DA:173,1
DA:174,1
DA:177,1
DA:178,3
DA:181,1
DA:187,2
DA:189,2
LF:67
LH:64
end_of_record
SF:lib/pub_key.dart
DA:26,15
DA:30,15
DA:31,15
DA:34,1
DA:35,2
DA:38,1
DA:39,2
DA:42,1
DA:43,3
DA:46,3
DA:47,6
DA:50,4
DA:51,8
DA:55,1
DA:56,3
DA:60,4
DA:61,4
DA:65,8
DA:66,4
DA:67,4
DA:68,4
DA:80,9
DA:87,34
DA:88,6
DA:89,6
DA:90,36
DA:93,12
DA:94,12
DA:96,12
DA:97,6
DA:98,14
DA:99,5
DA:100,10
DA:101,5
DA:102,5
DA:103,14
DA:104,6
DA:105,12
DA:106,6
DA:107,6
DA:114,7
DA:119,14
DA:123,5
DA:124,5
DA:127,11
DA:128,11
DA:134,11
DA:137,13
DA:144,26
DA:145,26
DA:147,13
DA:148,13
DA:153,8
DA:155,8
DA:157,52
DA:158,13
DA:159,22
DA:161,20
DA:164,13
DA:172,3
DA:173,6
DA:176,3
DA:177,3
DA:178,0
DA:181,3
DA:182,6
DA:183,6
DA:195,3
DA:196,6
DA:199,4
DA:200,6
DA:201,8
DA:204,1
DA:205,2
DA:209,2
DA:210,0
DA:214,4
DA:215,2
DA:226,8
DA:227,16
DA:230,24
DA:231,16
DA:234,16
DA:238,14
DA:239,56
DA:240,28
LF:86
LH:84
end_of_record
SF:lib/bsm.dart
DA:27,3
DA:35,1
DA:43,1
DA:44,1
DA:47,1
DA:48,3
DA:49,2
DA:50,2
DA:51,1
DA:52,1
DA:54,2
DA:65,1
DA:66,1
DA:67,1
DA:68,2
DA:70,1
DA:81,1
DA:86,2
DA:87,1
DA:88,1
DA:89,3
DA:90,1
DA:92,2
DA:102,1
DA:103,2
DA:104,3
DA:105,1
DA:106,1
DA:107,2
DA:111,1
DA:112,2
DA:114,1
DA:115,2
DA:116,2
DA:117,2
DA:118,3
DA:120,2
DA:121,0
DA:125,2
DA:126,2
DA:131,1
DA:132,2
DA:133,3
DA:135,1
DA:137,1
LF:45
LH:44
end_of_record
SF:lib/cmp.dart
DA:22,6
DA:23,18
DA:28,18
DA:29,6
DA:30,6
DA:31,12
DA:34,6
LF:7
LH:7
end_of_record
SF:lib/ecdsa.dart
DA:44,7
DA:53,1
DA:54,1
DA:55,3
DA:56,4
DA:57,3
DA:58,3
DA:59,1
DA:60,1
DA:64,1
DA:65,5
DA:66,2
DA:67,4
DA:69,4
DA:70,4
DA:71,2
DA:72,2
DA:76,1
DA:77,2
DA:78,1
DA:81,1
DA:83,2
DA:84,1
DA:87,2
DA:88,4
DA:91,4
DA:93,2
DA:99,10
DA:100,6
DA:101,4
DA:102,6
DA:107,0
DA:117,1
DA:122,1
DA:124,1
DA:127,2
DA:130,1
DA:131,1
DA:132,1
DA:133,3
DA:135,1
DA:136,4
DA:138,1
DA:139,4
DA:141,1
DA:142,3
DA:147,1
DA:148,1
DA:151,2
DA:152,2
DA:153,1
DA:172,6
DA:173,18
DA:174,18
DA:175,30
DA:176,6
DA:177,12
DA:179,6
DA:180,6
DA:181,12
DA:184,6
DA:186,12
DA:187,6
DA:188,12
DA:190,6
DA:191,6
DA:192,12
DA:195,6
DA:196,12
DA:197,12
DA:198,6
DA:199,6
DA:209,19
DA:210,1
DA:211,2
DA:213,1
DA:216,1
DA:217,2
DA:218,2
DA:219,1
DA:222,6
DA:226,2
DA:227,4
DA:228,4
DA:232,4
DA:233,4
DA:234,4
DA:237,2
DA:241,4
DA:243,2
DA:244,2
DA:247,0
DA:248,6
DA:254,2
DA:255,2
DA:270,4
DA:274,2
DA:277,8
DA:279,2
DA:280,6
DA:281,2
DA:286,1
DA:287,1
DA:288,1
DA:291,6
DA:293,30
DA:298,18
DA:300,2
DA:303,12
DA:304,12
DA:305,18
DA:306,18
DA:311,4
DA:316,6
DA:317,6
DA:318,11
DA:320,6
DA:321,6
DA:322,12
DA:323,12
DA:325,30
DA:327,6
DA:331,24
DA:338,6
DA:339,12
DA:340,20
DA:341,2
DA:343,12
DA:345,6
DA:351,18
DA:355,6
DA:356,6
DA:357,6
DA:363,7
DA:364,6
DA:366,6
DA:367,6
DA:368,6
DA:369,12
DA:370,30
DA:371,24
DA:375,18
DA:377,12
DA:379,12
DA:382,18
DA:387,1
DA:388,1
DA:389,1
DA:392,1
DA:393,1
DA:394,1
DA:395,3
DA:397,1
DA:398,3
DA:400,1
DA:401,3
DA:403,1
DA:404,3
DA:406,1
DA:409,6
DA:411,6
DA:413,6
DA:416,6
DA:417,4
DA:420,0
DA:421,6
DA:423,4
DA:428,5
DA:433,5
DA:437,10
DA:440,5
DA:447,5
DA:451,5
DA:452,10
LF:174
LH:171
end_of_record
SF:lib/key_pair.dart
DA:25,10
DA:26,10
DA:27,10
DA:30,3
DA:31,6
DA:34,2
DA:35,4
DA:38,3
DA:39,3
DA:40,9
DA:42,3
DA:43,9
DA:48,2
DA:49,2
DA:50,2
DA:51,6
DA:53,2
DA:54,2
DA:55,8
DA:60,2
DA:62,2
DA:64,2
DA:65,4
DA:66,4
DA:67,4
DA:69,1
DA:71,2
DA:72,4
DA:73,4
DA:74,4
DA:76,1
DA:81,2
DA:82,4
DA:85,2
DA:86,4
DA:87,2
DA:90,2
DA:91,4
DA:94,2
DA:95,4
DA:98,2
DA:99,2
DA:100,4
DA:101,4
DA:105,1
DA:106,3
DA:107,1
DA:111,5
DA:112,5
DA:113,15
DA:117,7
DA:118,14
DA:119,28
LF:53
LH:53
end_of_record
SF:lib/sig.dart
DA:41,8
DA:48,14
DA:49,14
DA:50,8
DA:51,8
DA:52,8
DA:55,1
DA:56,2
DA:59,0
DA:60,0
DA:63,1
DA:64,2
DA:67,1
DA:68,2
DA:71,0
DA:72,0
DA:75,2
DA:76,4
DA:79,2
DA:81,2
DA:84,2
DA:86,1
DA:89,4
DA:90,4
DA:91,3
DA:92,2
DA:93,2
DA:95,2
DA:99,3
DA:101,12
DA:102,3
DA:104,1
DA:107,8
DA:111,3
DA:112,3
DA:114,3
DA:115,3
DA:120,3
DA:121,3
DA:122,3
DA:123,6
DA:126,12
DA:129,6
DA:130,6
DA:135,5
DA:136,5
DA:137,10
DA:138,10
DA:144,4
DA:145,8
DA:147,6
DA:148,6
DA:149,3
DA:155,24
DA:156,12
DA:157,4
DA:158,4
DA:162,2
DA:163,2
DA:170,5
DA:179,5
DA:181,5
DA:185,5
DA:186,10
DA:187,2
DA:190,5
DA:193,10
DA:194,5
DA:198,10
DA:199,20
DA:200,5
DA:201,20
DA:202,10
DA:206,20
DA:207,5
DA:211,20
DA:212,40
DA:213,5
DA:214,30
DA:215,10
DA:219,20
DA:220,10
DA:224,5
DA:256,4
DA:257,8
DA:261,8
DA:265,8
DA:269,16
DA:273,3
DA:274,9
DA:278,6
DA:279,12
DA:284,3
DA:285,9
DA:289,3
DA:293,9
DA:297,12
DA:302,6
DA:303,12
DA:307,3
DA:311,9
DA:315,12
DA:328,3
DA:329,6
DA:330,12
DA:344,1
DA:345,2
DA:346,2
DA:352,3
DA:353,6
DA:354,6
DA:356,8
DA:360,6
DA:361,3
DA:362,2
DA:364,6
DA:365,6
DA:366,6
DA:367,6
DA:369,3
DA:370,3
DA:374,0
DA:375,0
DA:376,0
DA:379,6
DA:380,12
DA:381,12
DA:383,12
DA:384,12
DA:386,6
DA:387,10
DA:388,10
DA:389,5
DA:392,6
DA:393,2
DA:394,2
DA:395,1
DA:399,30
DA:400,6
DA:401,6
DA:406,12
DA:407,12
DA:408,6
DA:409,12
DA:410,6
DA:415,5
DA:416,5
DA:417,5
DA:418,20
DA:419,10
DA:421,5
DA:426,4
DA:427,4
DA:430,4
DA:431,8
LF:155
LH:148
end_of_record
SF:lib/point.dart
DA:7,51
DA:12,16
DA:13,16
DA:14,96
DA:42,11
DA:50,22
DA:52,33
DA:53,11
DA:54,22
DA:56,33
DA:58,11
DA:60,11
DA:63,16
DA:64,16
DA:65,16
DA:69,16
DA:70,48
DA:73,17
DA:74,51
DA:77,0
DA:79,24
DA:81,1
DA:82,1
DA:85,2
DA:86,2
DA:90,8
DA:91,32
DA:95,16
DA:96,64
DA:100,7
DA:103,21
DA:112,16
DA:113,64
DA:116,16
DA:117,64
DA:120,0
DA:121,0
DA:124,2
DA:125,2
DA:126,6
DA:127,6
DA:131,0
DA:132,0
DA:133,0
DA:135,0
DA:139,2
DA:140,4
DA:149,9
DA:150,9
DA:151,36
DA:152,18
DA:155,36
DA:159,54
DA:160,54
DA:166,11
DA:167,22
DA:170,11
DA:172,55
DA:173,110
DA:174,11
DA:181,11
DA:182,44
DA:184,55
DA:188,44
DA:189,0
DA:194,8
DA:196,8
DA:197,24
DA:199,0
DA:202,0
DA:203,0
LF:71
LH:60
end_of_record
SF:lib/random.dart
DA:5,14
DA:6,14
DA:8,14
DA:9,14
DA:11,28
DA:12,28
LF:6
LH:6
end_of_record
SF:lib/sig_operation.dart
DA:26,3
DA:27,6
DA:30,1
DA:31,1
DA:32,3
DA:33,3
DA:34,1
DA:35,1
DA:36,2
DA:38,3
DA:39,1
DA:40,1
DA:41,1
DA:42,1
DA:43,1
DA:60,1
DA:61,4
DA:62,5
DA:63,1
DA:64,1
DA:65,1
DA:66,1
DA:67,1
DA:68,1
DA:70,1
DA:89,1
DA:97,2
DA:98,1
DA:104,3
DA:117,2
DA:122,4
DA:124,6
DA:125,4
DA:126,2
DA:127,4
DA:128,2
DA:130,2
DA:131,4
DA:135,2
DA:143,2
DA:145,4
DA:151,2
DA:166,2
DA:167,4
DA:168,6
LF:45
LH:45
end_of_record
SF:lib/block_header.dart
DA:25,2
DA:34,1
DA:35,2
DA:42,2
DA:43,6
DA:50,2
DA:58,2
DA:59,2
DA:60,2
DA:61,2
DA:62,2
DA:63,2
DA:64,2
DA:68,2
DA:69,2
DA:70,2
DA:71,4
DA:72,4
DA:73,2
DA:74,2
DA:75,2
DA:79,1
DA:80,2
DA:83,2
DA:84,4
DA:87,2
DA:88,2
DA:89,2
DA:90,4
DA:91,4
DA:92,2
DA:93,2
DA:94,2
DA:98,2
DA:100,2
DA:102,4
DA:103,4
DA:104,4
DA:105,4
DA:106,4
DA:107,4
LF:41
LH:41
end_of_record
SF:lib/hash_cache.dart
DA:19,6
DA:25,1
DA:26,3
DA:29,1
DA:30,3
DA:34,2
DA:35,4
DA:36,4
DA:38,4
DA:39,4
DA:41,4
DA:42,4
DA:47,2
DA:48,2
DA:50,4
DA:52,4
DA:54,4
DA:58,1
DA:59,2
LF:19
LH:19
end_of_record
SF:lib/interp.dart
DA:74,3
DA:88,3
DA:89,3
DA:90,3
DA:91,6
DA:92,6
DA:93,3
DA:94,3
DA:95,3
DA:96,6
DA:97,3
DA:98,3
DA:99,6
DA:102,1
DA:103,1
DA:104,1
DA:107,3
DA:108,1
DA:109,1
DA:110,1
DA:111,3
DA:116,0
DA:117,0
DA:120,0
DA:121,0
DA:124,1
DA:125,3
DA:128,1
DA:129,2
DA:132,3
DA:133,6
DA:134,6
DA:135,6
DA:136,3
DA:137,3
DA:138,3
DA:139,6
DA:140,3
DA:141,3
DA:145,1
DA:146,1
DA:147,2
DA:155,1
DA:161,1
DA:162,4
DA:163,2
DA:165,2
DA:166,3
DA:167,3
DA:169,2
DA:170,3
DA:171,3
DA:174,2
DA:175,2
DA:176,2
DA:177,3
DA:178,2
DA:179,2
DA:184,1
DA:185,1
DA:186,2
DA:193,1
DA:194,1
DA:195,3
DA:196,2
DA:198,1
DA:199,3
DA:200,2
DA:202,1
DA:203,3
DA:204,1
DA:207,1
DA:208,1
DA:209,1
DA:210,1
DA:211,1
DA:212,1
DA:216,1
DA:218,1
DA:220,3
DA:221,2
DA:222,1
DA:223,1
DA:224,2
DA:225,2
DA:226,2
DA:228,1
DA:239,2
DA:241,6
DA:242,1
DA:244,6
DA:245,2
DA:247,6
DA:248,1
DA:250,6
DA:251,2
DA:253,6
DA:254,0
DA:256,6
DA:257,1
DA:259,6
DA:260,1
DA:262,6
DA:263,1
DA:265,6
DA:266,1
DA:268,6
DA:269,1
DA:271,6
DA:272,1
DA:274,6
DA:275,1
DA:277,6
DA:278,1
DA:283,3
DA:284,8
DA:285,6
DA:287,15
DA:300,3
DA:303,6
DA:316,6
DA:317,3
DA:318,3
DA:319,3
DA:321,2
DA:322,2
DA:324,9
DA:325,2
DA:326,1
DA:327,1
DA:330,9
DA:331,2
DA:332,1
DA:333,1
DA:344,3
DA:345,9
DA:346,1
DA:347,1
DA:357,1
DA:365,3
DA:366,1
DA:367,3
DA:368,1
DA:374,3
DA:388,6
DA:399,1
DA:402,5
DA:406,3
DA:414,2
DA:421,1
DA:422,1
DA:423,1
DA:432,1
DA:433,1
DA:434,1
DA:435,1
DA:441,1
DA:454,3
DA:455,12
DA:456,1
DA:457,1
DA:462,15
DA:463,3
DA:465,3
DA:467,3
DA:472,18
DA:473,1
DA:474,1
DA:477,2
DA:478,2
DA:479,1
DA:480,2
DA:481,6
DA:482,2
DA:489,9
DA:490,1
DA:491,1
DA:494,3
DA:501,0
DA:502,9
DA:504,12
DA:509,12
DA:510,6
DA:512,3
DA:518,0
DA:521,3
DA:522,9
DA:523,1
DA:528,12
DA:529,1
DA:533,3
DA:534,3
DA:535,3
DA:536,3
DA:537,1
DA:541,6
DA:543,4
DA:544,1
DA:547,3
DA:548,6
DA:549,12
DA:552,9
DA:555,4
DA:560,3
DA:561,3
DA:562,3
DA:563,3
DA:564,3
DA:565,3
DA:566,3
DA:567,3
DA:568,3
DA:569,3
DA:570,3
DA:571,3
DA:572,3
DA:573,3
DA:574,3
DA:575,3
DA:576,3
DA:580,4
DA:581,4
DA:582,4
DA:591,3
DA:594,3
DA:596,6
DA:599,4
DA:600,2
DA:602,1
DA:608,3
DA:609,1
DA:627,5
DA:628,1
DA:633,1
DA:638,1
DA:639,1
DA:644,1
DA:645,1
DA:651,3
DA:653,6
DA:656,2
DA:657,1
DA:659,1
DA:665,3
DA:666,1
DA:673,5
DA:674,1
DA:679,1
DA:684,1
DA:685,1
DA:692,2
DA:697,1
DA:698,1
DA:704,3
DA:705,3
DA:706,3
DA:707,3
DA:708,3
DA:709,3
DA:710,3
DA:711,3
DA:712,3
DA:713,3
DA:715,1
DA:720,3
DA:721,3
DA:727,6
DA:728,1
DA:732,4
DA:733,2
DA:734,2
DA:738,4
DA:742,3
DA:743,6
DA:744,1
DA:747,10
DA:748,10
DA:751,3
DA:752,6
DA:753,2
DA:756,4
DA:759,3
DA:763,6
DA:764,1
DA:767,10
DA:768,2
DA:770,2
DA:772,2
DA:778,3
DA:780,1
DA:788,3
DA:789,3
DA:790,1
DA:793,4
DA:796,3
DA:797,3
DA:798,1
DA:801,4
DA:804,3
DA:806,3
DA:807,1
DA:810,2
DA:811,2
DA:814,3
DA:817,3
DA:818,1
DA:821,5
DA:822,5
DA:823,2
DA:824,2
DA:828,3
DA:831,3
DA:832,1
DA:835,5
DA:836,5
DA:837,5
DA:838,2
DA:839,2
DA:840,2
DA:844,3
DA:847,3
DA:848,1
DA:851,5
DA:852,5
DA:853,2
DA:854,2
DA:858,3
DA:861,3
DA:862,1
DA:865,5
DA:866,3
DA:867,3
DA:871,3
DA:874,3
DA:875,1
DA:878,5
DA:879,3
DA:880,3
DA:884,3
DA:887,3
DA:888,1
DA:891,5
DA:892,1
DA:894,2
DA:899,3
DA:903,8
DA:904,4
DA:908,3
DA:910,6
DA:911,1
DA:914,4
DA:917,3
DA:919,9
DA:920,1
DA:923,21
DA:926,3
DA:928,6
DA:929,1
DA:932,10
DA:935,3
DA:937,3
DA:938,1
DA:941,7
DA:944,3
DA:945,3
DA:949,6
DA:950,1
DA:953,10
DA:954,2
DA:958,2
DA:959,4
DA:960,8
DA:961,1
DA:964,12
DA:965,2
DA:966,6
DA:968,4
DA:972,3
DA:977,3
DA:978,1
DA:981,5
DA:982,5
DA:983,5
DA:984,5
DA:985,5
DA:986,5
DA:990,3
DA:993,6
DA:994,1
DA:997,10
DA:998,10
DA:999,10
DA:1000,10
DA:1004,3
DA:1006,3
DA:1007,1
DA:1010,2
DA:1011,3
DA:1013,5
DA:1017,3
DA:1020,6
DA:1021,1
DA:1025,14
DA:1026,6
DA:1033,3
DA:1034,3
DA:1035,3
DA:1037,3
DA:1038,1
DA:1041,5
DA:1042,5
DA:1044,3
DA:1045,1
DA:1050,1
DA:1051,3
DA:1052,3
DA:1055,1
DA:1056,3
DA:1057,3
DA:1060,1
DA:1061,3
DA:1062,3
DA:1068,2
DA:1070,3
DA:1072,3
DA:1073,1
DA:1076,5
DA:1077,3
DA:1078,3
DA:1081,3
DA:1082,3
DA:1085,3
DA:1086,1
DA:1090,5
DA:1091,1
DA:1092,1
DA:1093,5
DA:1095,1
DA:1096,1
DA:1097,1
DA:1101,2
DA:1102,2
DA:1105,1
DA:1106,1
DA:1108,1
DA:1109,1
DA:1113,4
DA:1114,3
DA:1117,2
DA:1118,4
DA:1119,1
DA:1123,2
DA:1126,3
DA:1127,3
DA:1131,9
DA:1132,1
DA:1135,15
DA:1136,15
DA:1137,9
DA:1143,21
DA:1144,21
DA:1147,6
DA:1148,3
DA:1150,6
DA:1152,2
DA:1162,3
DA:1163,3
DA:1164,3
DA:1165,3
DA:1166,3
DA:1167,3
DA:1170,6
DA:1171,1
DA:1174,10
DA:1175,2
DA:1180,2
DA:1181,4
DA:1183,2
DA:1184,4
DA:1186,2
DA:1187,1
DA:1189,2
DA:1190,2
DA:1192,2
DA:1193,2
DA:1194,4
DA:1196,1
DA:1197,1
DA:1198,2
DA:1202,4
DA:1203,6
DA:1207,3
DA:1208,3
DA:1209,3
DA:1210,3
DA:1211,3
DA:1212,3
DA:1213,3
DA:1214,3
DA:1215,3
DA:1216,3
DA:1217,3
DA:1218,3
DA:1219,3
DA:1220,3
DA:1221,3
DA:1222,3
DA:1225,6
DA:1226,1
DA:1229,2
DA:1230,10
DA:1233,2
DA:1234,10
DA:1237,2
DA:1240,2
DA:1241,2
DA:1244,2
DA:1245,2
DA:1248,2
DA:1249,1
DA:1252,2
DA:1253,2
DA:1254,1
DA:1257,1
DA:1260,2
DA:1261,2
DA:1262,1
DA:1265,1
DA:1269,2
DA:1270,4
DA:1271,4
DA:1274,1
DA:1275,2
DA:1277,2
DA:1280,1
DA:1281,1
DA:1283,2
DA:1286,1
DA:1287,1
DA:1288,2
DA:1291,1
DA:1292,1
DA:1293,2
DA:1296,1
DA:1297,1
DA:1298,2
DA:1301,1
DA:1302,1
DA:1303,2
DA:1306,1
DA:1307,1
DA:1308,2
DA:1311,1
DA:1312,1
DA:1313,2
DA:1315,1
DA:1316,1
DA:1318,1
DA:1319,1
DA:1323,4
DA:1324,4
DA:1325,6
DA:1327,2
DA:1329,6
DA:1330,2
DA:1332,0
DA:1339,3
DA:1342,6
DA:1343,1
DA:1346,2
DA:1347,10
DA:1350,2
DA:1351,10
DA:1354,2
DA:1355,10
DA:1359,4
DA:1360,4
DA:1361,4
DA:1362,4
DA:1363,4
DA:1370,3
DA:1371,3
DA:1372,3
DA:1373,3
DA:1374,3
DA:1377,9
DA:1378,1
DA:1381,15
DA:1384,3
DA:1385,4
DA:1386,3
DA:1387,4
DA:1388,3
DA:1389,8
DA:1390,3
DA:1391,12
DA:1392,1
DA:1393,4
DA:1395,6
DA:1396,6
DA:1400,3
DA:1402,4
DA:1405,3
DA:1406,2
DA:1409,9
DA:1410,2
DA:1414,15
DA:1415,15
DA:1419,3
DA:1420,12
DA:1427,6
DA:1428,9
DA:1429,9
DA:1431,6
DA:1432,6
DA:1433,1
DA:1437,3
DA:1438,9
DA:1441,3
DA:1442,3
DA:1449,6
DA:1450,6
DA:1452,6
DA:1455,3
DA:1458,9
DA:1459,3
DA:1460,3
DA:1468,21
DA:1469,21
DA:1473,6
DA:1474,3
DA:1476,2
DA:1478,1
DA:1485,2
DA:1486,1
DA:1491,6
DA:1492,1
DA:1496,2
DA:1497,10
DA:1499,2
DA:1500,4
DA:1501,1
DA:1504,4
DA:1505,4
DA:1506,1
DA:1510,2
DA:1511,2
DA:1512,6
DA:1513,1
DA:1517,2
DA:1518,10
DA:1520,2
DA:1521,4
DA:1522,1
DA:1526,2
DA:1527,2
DA:1528,6
DA:1529,2
DA:1534,2
DA:1535,8
DA:1537,4
DA:1538,12
DA:1541,4
DA:1542,6
DA:1543,6
DA:1545,4
DA:1546,3
DA:1547,1
DA:1552,2
DA:1553,6
DA:1558,2
DA:1560,10
DA:1562,10
DA:1564,2
DA:1565,2
DA:1572,4
DA:1573,4
DA:1574,4
DA:1577,2
DA:1580,6
DA:1581,2
DA:1582,2
DA:1590,2
DA:1591,2
DA:1593,2
DA:1594,2
DA:1598,2
DA:1604,4
DA:1605,4
DA:1614,6
DA:1615,0
DA:1618,6
DA:1619,14
DA:1620,2
DA:1623,4
DA:1626,4
DA:1628,2
DA:1630,2
DA:1632,0
DA:1642,1
DA:1643,3
DA:1644,1
DA:1648,5
DA:1649,5
DA:1651,5
DA:1652,3
DA:1653,2
DA:1656,1
DA:1657,3
DA:1658,1
DA:1662,5
DA:1663,1
DA:1664,5
DA:1668,3
DA:1669,1
DA:1673,2
DA:1674,2
DA:1676,2
DA:1677,2
DA:1679,2
DA:1680,2
DA:1685,1
DA:1700,3
DA:1708,3
DA:1718,6
DA:1746,3
DA:1754,3
DA:1756,4
DA:1757,4
DA:1758,4
DA:1759,4
DA:1760,4
DA:1762,6
DA:1763,1
DA:1764,1
DA:1765,2
DA:1766,1
DA:1769,6
DA:1771,6
DA:1772,6
DA:1775,3
DA:1776,3
DA:1777,4
DA:1779,6
DA:1780,4
DA:1781,4
DA:1782,4
DA:1783,4
DA:1785,6
DA:1787,9
DA:1788,1
DA:1789,3
DA:1790,1
DA:1795,6
DA:1796,3
DA:1797,3
DA:1798,9
DA:1799,3
DA:1803,6
DA:1804,3
DA:1806,2
DA:1807,1
DA:1808,2
DA:1809,1
DA:1820,4
DA:1824,6
DA:1826,4
DA:1827,2
DA:1829,2
DA:1831,2
DA:1832,2
DA:1833,2
DA:1834,2
DA:1835,2
DA:1836,2
DA:1839,4
DA:1841,4
DA:1842,0
DA:1843,0
DA:1844,0
DA:1847,8
DA:1848,2
DA:1849,5
DA:1850,2
DA:1852,2
DA:1859,6
DA:1863,2
DA:1866,3
DA:1867,1
DA:1868,2
DA:1869,1
DA:1873,3
DA:1883,2
DA:1884,4
DA:1885,2
DA:1886,2
DA:1888,6
DA:1890,10
DA:1891,6
DA:1892,2
DA:1893,12
DA:1898,1
DA:1900,2
LF:803
LH:790
end_of_record
SF:lib/tx.dart
DA:33,7
DA:41,7
DA:42,14
DA:43,14
DA:44,14
DA:45,14
DA:46,7
DA:49,2
DA:50,2
DA:51,6
DA:52,6
DA:54,2
DA:55,6
DA:56,6
DA:58,2
DA:59,2
DA:60,6
DA:62,6
DA:64,2
DA:68,2
DA:69,2
DA:70,6
DA:71,4
DA:73,2
DA:74,6
DA:75,4
DA:77,2
DA:78,2
DA:79,4
DA:81,4
DA:83,2
DA:87,7
DA:88,14
DA:89,21
DA:90,14
DA:91,14
DA:92,14
DA:93,14
DA:94,14
DA:96,21
DA:97,14
DA:98,14
DA:99,14
DA:100,28
DA:102,14
DA:106,1
DA:107,3
DA:110,3
DA:111,6
DA:114,7
DA:116,7
DA:118,14
DA:119,28
DA:120,28
DA:121,21
DA:123,28
DA:124,28
DA:125,21
DA:127,14
DA:132,3
DA:133,3
DA:134,9
DA:136,9
DA:137,6
DA:139,9
DA:142,3
DA:143,3
DA:144,9
DA:146,6
DA:148,9
DA:151,3
DA:152,3
DA:153,9
DA:155,9
DA:157,9
DA:166,5
DA:174,5
DA:175,5
DA:183,5
DA:185,5
DA:192,25
DA:207,5
DA:217,0
DA:218,10
DA:219,6
DA:220,5
DA:221,5
DA:222,5
DA:224,4
DA:225,2
DA:226,2
DA:227,9
DA:230,4
DA:231,4
DA:232,4
DA:233,2
DA:234,2
DA:235,9
DA:238,4
DA:239,4
DA:240,2
DA:241,2
DA:242,9
DA:243,0
DA:244,3
DA:246,3
DA:249,2
DA:250,5
DA:251,4
DA:252,4
DA:253,13
DA:254,11
DA:255,7
DA:256,6
DA:257,2
DA:258,11
DA:259,4
DA:260,5
DA:261,4
DA:263,2
DA:267,4
DA:269,16
DA:270,4
DA:272,16
DA:273,12
DA:274,16
DA:275,8
DA:278,8
DA:279,24
DA:281,8
DA:282,2
DA:283,2
DA:285,4
DA:286,1
DA:287,3
DA:290,8
DA:293,8
DA:294,2
DA:299,6
DA:300,6
DA:302,8
DA:303,2
DA:304,6
DA:305,4
DA:306,2
DA:311,8
DA:312,2
DA:313,6
DA:319,8
DA:320,12
DA:321,6
DA:322,6
DA:325,4
DA:326,12
DA:327,4
DA:328,4
DA:333,4
DA:334,12
DA:337,7
DA:338,14
DA:341,7
DA:342,21
DA:345,5
DA:346,10
DA:349,3
DA:350,6
DA:366,4
DA:375,4
DA:390,4
DA:395,4
DA:413,4
DA:423,4
DA:424,4
DA:432,4
DA:464,5
DA:465,15
DA:473,1
DA:474,5
DA:482,3
DA:489,3
DA:492,1
DA:497,1
DA:499,6
DA:500,15
DA:504,3
DA:506,3
DA:509,2
DA:511,6
DA:512,15
DA:520,3
DA:521,12
DA:528,2
DA:529,6
DA:534,8
DA:535,8
DA:537,2
DA:540,5
DA:544,6
DA:545,8
DA:546,2
DA:548,4
DA:549,4
DA:550,2
DA:556,0
DA:558,0
LF:205
LH:201
end_of_record
SF:lib/tx_in.dart
DA:42,8
DA:49,8
DA:50,8
DA:51,8
DA:52,8
DA:53,8
DA:56,4
DA:62,8
DA:70,3
DA:71,3
DA:73,9
DA:74,3
DA:76,9
DA:77,9
DA:78,3
DA:82,3
DA:83,3
DA:84,9
DA:85,3
DA:86,9
DA:87,9
DA:88,3
DA:92,6
DA:93,24
DA:94,6
DA:98,4
DA:104,4
DA:109,4
DA:113,8
DA:114,16
DA:115,16
DA:116,24
DA:117,40
DA:118,16
DA:122,8
DA:124,5
DA:126,24
DA:127,16
DA:128,32
DA:129,32
DA:130,16
DA:141,2
DA:147,2
DA:148,4
DA:149,2
DA:151,6
DA:153,1
DA:158,2
DA:159,2
DA:160,2
DA:164,3
DA:165,6
DA:166,3
DA:168,4
DA:174,0
DA:175,0
DA:176,0
DA:179,1
DA:180,4
DA:183,1
DA:184,3
DA:187,5
DA:188,15
DA:191,2
DA:192,4
DA:195,5
DA:196,10
LF:67
LH:64
end_of_record
SF:lib/block.dart
DA:34,1
DA:40,1
DA:41,2
DA:48,1
DA:49,3
DA:56,1
DA:57,1
DA:58,2
DA:59,1
DA:60,1
DA:61,2
DA:62,3
DA:65,1
DA:83,1
DA:84,1
DA:85,3
DA:86,3
DA:89,1
DA:90,2
DA:91,3
DA:96,0
DA:97,0
DA:98,0
DA:99,0
DA:102,0
DA:103,0
DA:104,0
DA:109,0
DA:110,0
DA:113,1
DA:114,2
DA:117,1
DA:118,1
DA:119,3
DA:120,2
DA:122,1
DA:123,2
DA:124,2
DA:129,1
DA:131,1
DA:133,4
DA:134,3
DA:135,2
DA:136,2
DA:137,3
DA:142,1
DA:143,4
DA:151,1
DA:152,5
DA:160,1
DA:161,5
DA:162,2
DA:163,3
LF:53
LH:44
end_of_record
SF:lib/merkle.dart
DA:21,2
DA:28,2
DA:29,2
DA:30,0
DA:32,2
DA:33,10
DA:35,4
DA:36,4
DA:37,8
DA:38,10
DA:41,0
DA:42,0
DA:43,6
DA:44,6
DA:46,2
DA:47,4
DA:50,2
DA:51,4
DA:53,2
DA:58,3
DA:59,2
DA:60,3
DA:62,2
DA:65,6
DA:66,6
DA:67,2
DA:71,2
DA:72,4
DA:80,2
DA:81,4
DA:82,6
DA:83,6
DA:86,3
DA:87,3
DA:88,3
DA:89,3
DA:90,3
DA:91,3
DA:95,1
DA:97,2
DA:100,1
DA:101,1
DA:102,5
DA:104,1
LF:44
LH:41
end_of_record
SF:lib/tx_builder.dart
DA:40,2
DA:57,3
DA:58,4
DA:59,4
DA:60,4
DA:61,4
DA:62,2
DA:63,2
DA:64,2
DA:65,6
DA:66,2
DA:67,2
DA:68,2
DA:69,6
DA:70,2
DA:71,4
DA:74,1
DA:75,1
DA:76,3
DA:77,6
DA:78,6
DA:79,3
DA:80,3
DA:81,1
DA:82,3
DA:83,1
DA:84,3
DA:85,1
DA:86,3
DA:87,2
DA:88,2
DA:89,2
DA:90,2
DA:91,3
DA:95,1
DA:96,4
DA:97,2
DA:98,5
DA:99,2
DA:100,5
DA:101,4
DA:102,4
DA:103,2
DA:104,3
DA:106,2
DA:107,2
DA:109,2
DA:110,2
DA:112,2
DA:113,2
DA:114,2
DA:115,2
DA:116,4
DA:120,1
DA:121,2
DA:124,1
DA:128,1
DA:129,2
DA:133,1
DA:134,1
DA:142,1
DA:143,1
DA:147,1
DA:148,1
DA:158,1
DA:159,1
DA:172,1
DA:173,1
DA:186,1
DA:191,1
DA:192,2
DA:193,2
DA:201,1
DA:208,1
DA:209,1
DA:210,1
DA:211,1
DA:214,3
DA:219,2
DA:223,1
DA:231,2
DA:247,1
DA:255,3
DA:259,2
DA:265,2
DA:266,2
DA:267,3
DA:268,1
DA:277,1
DA:293,1
DA:294,2
DA:297,4
DA:298,1
DA:307,1
DA:308,2
DA:311,1
DA:312,2
DA:316,1
DA:317,1
DA:318,3
DA:319,3
DA:320,2
DA:321,2
DA:324,2
DA:325,2
DA:330,1
DA:331,1
DA:333,2
DA:334,4
DA:335,2
DA:336,2
DA:337,1
DA:338,1
DA:341,1
DA:344,1
DA:345,0
DA:353,1
DA:356,9
DA:358,2
DA:360,3
DA:362,4
DA:363,1
DA:364,1
DA:365,2
DA:366,2
DA:367,1
DA:368,1
DA:369,5
DA:370,2
DA:371,1
DA:372,1
DA:373,1
DA:374,2
DA:375,1
DA:383,1
DA:384,1
DA:387,1
DA:392,5
DA:394,3
DA:406,1
DA:411,3
DA:414,1
DA:417,3
DA:418,3
DA:419,1
DA:420,2
DA:421,1
DA:422,1
DA:423,1
DA:424,1
DA:426,2
DA:430,1
DA:435,0
DA:443,2
DA:444,2
DA:446,1
DA:447,2
DA:448,4
DA:452,2
DA:454,1
DA:455,4
DA:456,9
DA:458,3
DA:459,1
DA:462,3
DA:463,2
DA:464,5
DA:465,4
DA:466,2
DA:472,3
DA:473,3
DA:474,4
DA:484,1
DA:485,2
DA:493,1
DA:497,5
DA:498,3
DA:499,1
DA:502,1
DA:509,1
DA:512,3
DA:513,5
DA:514,3
DA:515,2
DA:521,1
DA:522,3
DA:523,3
DA:527,6
DA:528,3
DA:530,5
DA:544,1
DA:552,1
DA:553,2
DA:554,2
DA:555,4
DA:556,4
DA:557,2
DA:561,1
DA:563,2
DA:570,1
DA:584,1
DA:593,1
DA:595,2
DA:602,1
DA:605,2
DA:606,3
DA:608,1
DA:610,1
DA:613,3
DA:615,1
DA:655,1
DA:663,3
DA:664,1
DA:665,1
DA:669,0
DA:671,1
DA:672,1
DA:674,2
DA:676,1
DA:678,1
DA:686,1
DA:716,1
DA:718,1
DA:719,2
DA:720,3
DA:721,1
DA:726,5
DA:727,3
DA:730,4
DA:731,2
DA:733,1
DA:734,1
DA:735,1
DA:736,1
DA:737,1
DA:739,2
DA:742,4
DA:743,1
DA:744,1
DA:751,1
DA:752,1
DA:753,3
DA:754,3
DA:755,4
DA:756,2
DA:757,1
DA:759,0
LF:247
LH:243
end_of_record
SF:lib/tx_out_map.dart
DA:20,4
DA:21,8
DA:24,2
DA:25,2
DA:26,6
DA:27,4
DA:33,2
DA:34,4
DA:35,8
DA:40,3
DA:41,6
DA:42,6
DA:46,4
DA:47,8
DA:51,8
DA:54,3
DA:55,9
DA:56,12
DA:57,6
DA:58,9
DA:59,6
LF:21
LH:21
end_of_record
SF:lib/tx_verifier.dart
DA:23,3
DA:41,3
DA:42,3
DA:43,3
DA:47,6
DA:48,3
DA:71,3
DA:72,6
DA:85,3
DA:87,24
DA:88,1
DA:89,1
DA:91,24
DA:92,1
DA:93,1
DA:97,12
DA:98,0
DA:99,0
DA:103,3
DA:104,15
DA:105,9
DA:106,6
DA:107,0
DA:108,0
DA:110,6
DA:111,2
DA:112,1
DA:114,6
DA:115,3
DA:116,1
DA:117,1
DA:118,1
DA:123,3
DA:124,15
DA:125,9
DA:126,12
DA:127,3
DA:128,2
DA:129,1
DA:131,3
DA:134,6
DA:135,5
DA:136,4
DA:137,1
DA:138,1
DA:141,15
DA:142,12
DA:143,2
DA:144,1
DA:156,3
DA:157,14
DA:158,6
DA:159,6
DA:160,3
DA:182,3
DA:183,9
DA:184,3
DA:185,12
DA:187,3
DA:190,2
DA:191,2
DA:192,4
DA:193,6
DA:196,2
DA:224,1
DA:225,1
DA:226,1
DA:227,3
DA:231,1
DA:232,2
LF:70
LH:66
end_of_record
SF:lib/bip32.dart
DA:28,3
DA:39,3
DA:40,3
DA:41,3
DA:42,3
DA:43,3
DA:44,3
DA:45,3
DA:46,9
DA:47,9
DA:51,1
DA:60,1
DA:68,2
DA:69,2
DA:74,1
DA:83,1
DA:91,2
DA:92,2
DA:97,0
DA:106,0
DA:114,0
DA:115,0
DA:119,1
DA:120,2
DA:121,1
DA:122,3
DA:123,1
DA:124,2
DA:125,2
DA:126,4
DA:130,1
DA:131,2
DA:134,1
DA:135,2
DA:138,3
DA:139,3
DA:142,9
DA:145,9
DA:148,3
DA:149,6
DA:150,3
DA:152,3
DA:153,9
DA:154,3
DA:155,9
DA:156,6
DA:157,12
DA:158,12
DA:163,2
DA:164,4
DA:167,1
DA:169,2
DA:174,1
DA:176,1
DA:177,5
DA:178,1
DA:179,5
DA:181,3
DA:182,1
DA:183,5
DA:185,3
DA:186,1
DA:188,3
DA:189,3
DA:191,2
DA:192,4
DA:193,4
DA:194,4
DA:195,3
DA:203,3
DA:204,3
DA:206,3
DA:212,9
DA:213,3
DA:215,3
DA:216,3
DA:220,12
DA:221,3
DA:227,18
DA:229,15
DA:233,3
DA:236,3
DA:242,3
DA:243,3
DA:247,3
DA:248,9
DA:249,9
DA:250,9
DA:251,6
DA:252,3
DA:254,6
DA:256,9
DA:258,3
DA:263,3
DA:267,6
DA:268,3
DA:269,9
DA:270,3
DA:274,6
DA:275,6
DA:276,3
DA:281,12
DA:283,6
DA:284,6
DA:287,15
DA:289,3
DA:290,3
DA:292,6
DA:293,12
DA:295,5
DA:296,3
DA:297,2
DA:298,2
DA:301,2
DA:303,2
DA:305,1
DA:306,1
DA:307,1
DA:309,1
DA:310,1
DA:312,1
DA:315,3
DA:317,15
DA:318,9
DA:319,6
DA:320,9
DA:321,6
DA:322,6
DA:327,2
DA:328,2
DA:329,2
DA:330,2
DA:331,2
DA:332,2
DA:333,2
DA:334,2
DA:335,2
DA:336,2
DA:337,2
DA:339,4
DA:340,2
DA:344,3
DA:345,9
DA:346,9
DA:348,3
DA:349,6
DA:350,6
DA:351,6
DA:352,6
DA:353,6
DA:354,3
DA:355,15
DA:356,3
DA:358,6
DA:361,2
DA:362,4
DA:363,4
DA:364,4
DA:365,4
DA:366,4
DA:367,8
DA:368,2
DA:374,3
DA:375,9
DA:386,1
DA:387,2
DA:390,1
DA:391,2
DA:394,1
DA:395,3
LF:170
LH:166
end_of_record
SF:lib/bip39.dart
DA:22,2
DA:28,2
DA:29,2
DA:30,2
DA:31,2
DA:34,1
DA:36,1
DA:38,1
DA:39,2
DA:40,2
DA:41,1
DA:43,0
DA:45,1
DA:46,3
DA:47,2
DA:49,0
DA:54,1
DA:55,1
DA:56,1
DA:57,3
DA:59,1
DA:60,1
DA:61,2
DA:70,1
DA:74,2
DA:77,1
DA:81,2
DA:82,1
DA:83,1
DA:87,1
DA:88,2
DA:91,1
DA:92,1
DA:96,1
DA:97,2
DA:100,2
DA:101,2
DA:105,2
DA:106,4
DA:109,1
DA:110,1
DA:113,2
DA:114,2
DA:115,2
DA:123,1
DA:124,4
DA:128,2
DA:130,2
DA:131,3
DA:132,6
DA:134,2
DA:135,5
DA:136,1
DA:138,3
DA:139,0
DA:143,4
DA:144,1
DA:145,2
DA:147,5
DA:148,3
DA:151,1
DA:160,2
DA:161,2
DA:164,4
DA:166,6
DA:167,6
DA:168,2
DA:171,10
DA:174,6
DA:175,0
DA:179,4
DA:180,4
DA:181,6
DA:182,6
DA:183,8
DA:184,4
DA:185,12
DA:188,4
DA:189,4
DA:190,8
DA:192,2
DA:200,2
DA:202,2
DA:203,2
DA:210,2
DA:211,2
DA:212,4
DA:213,4
DA:214,2
DA:215,2
DA:221,2
DA:222,4
DA:229,4
DA:234,1
DA:238,1
DA:246,1
DA:247,2
DA:250,1
DA:251,2
DA:254,1
DA:255,3
DA:285,1
DA:288,1
DA:289,1
DA:290,1
DA:295,0
DA:298,0
DA:299,0
DA:300,0
DA:305,1
DA:308,1
DA:309,1
DA:310,1
LF:113
LH:105
end_of_record
SF:lib/aescbc.dart
DA:24,1
DA:25,2
DA:29,1
DA:30,2
DA:32,1
DA:33,3
DA:34,1
DA:36,1
DA:39,1
DA:40,2
DA:44,1
DA:45,2
DA:47,1
DA:48,3
DA:49,1
DA:51,1
DA:72,0
DA:76,0
DA:77,0
DA:81,0
DA:84,0
DA:85,0
DA:87,0
DA:92,0
DA:96,0
DA:97,0
DA:101,0
DA:104,0
DA:105,0
DA:107,0
LF:30
LH:16
end_of_record
