SF:lib/bn.dart
DA:7,0
DA:9,7
DA:10,14
DA:11,21
DA:12,35
DA:21,24
DA:23,36
DA:24,21
DA:25,0
DA:27,14
DA:28,28
DA:31,1
DA:32,1
DA:33,1
DA:35,0
DA:36,0
DA:38,0
DA:39,0
DA:44,7
DA:45,14
DA:50,3
DA:51,3
DA:52,6
DA:55,3
DA:56,3
DA:59,9
DA:60,9
DA:61,3
DA:62,3
DA:65,3
DA:68,23
DA:72,23
DA:73,6
DA:75,23
DA:76,46
DA:79,4
DA:80,8
DA:95,3
DA:103,6
DA:104,3
DA:106,4
DA:113,10
DA:119,14
DA:120,2
DA:125,3
DA:128,3
DA:129,6
DA:132,23
DA:137,69
DA:138,46
DA:139,23
DA:141,23
DA:143,15
DA:144,5
DA:145,15
DA:146,15
DA:147,45
DA:148,120
DA:150,45
DA:151,15
DA:159,30
DA:160,10
DA:163,23
DA:164,2
DA:183,4
DA:185,12
DA:186,8
DA:187,12
DA:189,12
DA:191,12
DA:194,4
DA:195,12
DA:197,16
DA:201,20
DA:202,2
DA:205,4
DA:206,4
DA:212,2
DA:213,4
DA:216,10
DA:218,30
DA:220,36
DA:222,45
DA:224,45
DA:226,35
DA:228,4
DA:230,4
DA:233,9
DA:240,36
DA:243,10
DA:246,17
DA:247,17
DA:248,48
DA:250,12
DA:251,36
DA:253,0
DA:254,0
DA:256,0
DA:259,5
DA:260,10
DA:263,3
DA:264,6
DA:267,12
DA:268,24
DA:271,3
DA:272,6
DA:275,16
DA:276,32
DA:279,3
DA:280,6
DA:283,11
DA:284,22
DA:287,3
DA:288,3
DA:295,3
DA:296,3
DA:299,8
DA:300,16
LF:118
LH:109
end_of_record
SF:lib/br.dart
DA:27,16
DA:28,17
DA:29,16
DA:32,1
DA:33,3
DA:36,10
DA:37,40
DA:40,15
DA:41,4
DA:42,15
DA:43,30
DA:45,45
DA:46,15
DA:50,10
DA:51,14
DA:52,50
DA:53,30
DA:54,20
DA:55,30
DA:56,50
DA:61,15
DA:62,45
DA:64,30
DA:65,45
DA:69,1
DA:70,3
DA:72,2
DA:73,3
DA:77,1
DA:78,3
DA:80,2
DA:81,3
DA:85,1
DA:86,3
DA:88,2
DA:89,3
DA:93,7
DA:94,21
DA:96,14
DA:97,21
DA:101,1
DA:102,3
DA:104,2
DA:105,3
DA:109,1
DA:110,3
DA:112,2
DA:113,3
DA:117,1
DA:118,3
DA:120,2
DA:121,3
DA:125,10
DA:126,30
DA:128,20
DA:129,30
DA:133,1
DA:134,3
DA:136,2
DA:137,3
DA:141,1
DA:142,5
DA:143,1
DA:144,3
DA:148,9
DA:149,9
DA:150,9
DA:154,11
DA:155,11
DA:158,11
DA:159,5
DA:160,11
DA:161,1
DA:162,11
DA:163,1
DA:164,1
DA:165,2
DA:176,9
DA:177,27
DA:178,9
DA:180,9
DA:181,8
DA:182,9
DA:183,2
DA:184,9
DA:185,2
DA:187,9
DA:191,3
DA:192,3
DA:194,3
DA:195,2
DA:196,3
DA:197,2
DA:198,3
DA:199,2
DA:201,2
LF:96
LH:96
end_of_record
SF:lib/bw.dart
DA:19,18
DA:20,36
DA:27,1
DA:29,2
DA:31,2
DA:36,18
DA:37,72
DA:40,4
DA:41,8
DA:44,18
DA:45,90
DA:46,18
DA:50,9
DA:51,18
DA:52,27
DA:53,45
DA:55,45
DA:56,9
DA:60,15
DA:61,15
DA:62,30
DA:63,15
DA:64,15
DA:68,1
DA:69,1
DA:70,2
DA:71,1
DA:72,1
DA:76,1
DA:77,1
DA:78,2
DA:79,1
DA:80,1
DA:84,1
DA:85,1
DA:86,2
DA:87,1
DA:88,1
DA:92,4
DA:93,4
DA:94,8
DA:95,4
DA:96,4
DA:100,1
DA:101,1
DA:102,2
DA:103,1
DA:104,1
DA:108,3
DA:109,3
DA:110,6
DA:111,3
DA:112,3
DA:117,1
DA:118,1
DA:120,2
DA:121,1
DA:122,1
DA:127,10
DA:128,10
DA:129,20
DA:130,10
DA:131,10
DA:135,5
DA:136,5
DA:137,10
DA:138,5
DA:139,5
DA:143,1
DA:144,2
DA:145,1
DA:149,9
DA:150,18
DA:151,9
DA:155,12
DA:156,12
DA:157,12
DA:161,3
DA:162,3
DA:163,3
DA:167,12
DA:170,12
DA:171,12
DA:172,24
DA:173,12
DA:174,2
DA:175,4
DA:176,4
DA:177,2
DA:178,2
DA:179,1
DA:180,2
DA:181,2
DA:182,1
DA:183,1
DA:185,2
DA:186,2
DA:187,1
DA:188,3
DA:189,3
DA:194,3
DA:197,3
DA:198,3
DA:199,2
DA:200,4
DA:201,2
DA:202,2
DA:203,2
DA:204,2
DA:205,1
DA:206,1
DA:207,2
DA:208,2
DA:209,2
DA:210,1
DA:211,1
DA:213,4
DA:214,2
DA:215,2
DA:216,2
DA:217,4
LF:121
LH:121
end_of_record
SF:lib/var_int.dart
DA:22,9
DA:23,9
DA:26,1
DA:27,2
DA:30,9
DA:31,18
DA:34,7
DA:35,14
DA:38,3
DA:39,6
DA:42,5
DA:43,10
DA:46,4
DA:47,8
DA:51,8
DA:52,8
DA:56,1
DA:57,2
DA:61,1
DA:62,4
DA:66,9
DA:67,36
DA:71,1
DA:72,1
DA:75,1
DA:76,4
DA:79,9
DA:80,36
LF:28
LH:28
end_of_record
SF:lib/extentsions/list.dart
DA:8,0
DA:9,0
DA:10,0
DA:12,0
DA:14,0
DA:15,0
DA:18,0
DA:19,0
DA:20,0
DA:22,0
DA:25,21
DA:27,84
DA:28,21
DA:31,20
DA:32,20
DA:33,20
DA:62,21
DA:63,21
DA:64,21
DA:66,21
DA:67,21
DA:69,21
DA:70,63
DA:76,21
DA:79,21
DA:80,34
DA:82,32
DA:88,4
DA:91,8
DA:98,8
DA:99,8
DA:102,4
DA:104,8
DA:105,8
DA:106,11
DA:109,4
DA:111,4
DA:115,3
DA:117,3
DA:119,2
DA:120,2
DA:121,32
DA:124,3
DA:125,6
DA:130,2
DA:131,2
DA:132,2
DA:135,2
DA:136,2
DA:137,2
LF:50
LH:40
end_of_record
SF:lib/extentsions/string.dart
DA:4,0
DA:5,0
DA:8,0
DA:9,0
DA:12,23
DA:13,103
DA:16,6
DA:17,6
DA:20,2
DA:22,2
DA:29,2
DA:30,2
DA:31,2
DA:35,2
DA:39,2
DA:40,1
DA:41,1
DA:45,2
DA:49,2
DA:52,2
LF:20
LH:16
end_of_record
SF:lib/script.dart
DA:39,10
DA:65,10
DA:66,20
DA:69,2
DA:70,4
DA:73,4
DA:74,8
DA:77,1
DA:78,2
DA:81,1
DA:82,2
DA:85,1
DA:86,2
DA:89,1
DA:90,2
DA:93,0
DA:94,0
DA:97,0
DA:98,0
DA:101,1
DA:102,2
DA:105,1
DA:106,2
DA:109,1
DA:110,2
DA:113,1
DA:114,2
DA:117,0
DA:118,0
DA:121,3
DA:122,6
DA:125,1
DA:126,2
DA:129,7
DA:130,14
DA:133,3
DA:134,6
DA:137,6
DA:138,6
DA:141,6
DA:142,6
DA:145,2
DA:146,6
DA:150,9
DA:151,27
DA:153,9
DA:154,9
DA:155,9
DA:158,18
DA:159,18
DA:161,7
DA:162,14
DA:167,9
DA:169,3
DA:170,3
DA:172,1
DA:174,6
DA:179,9
DA:181,3
DA:182,3
DA:184,1
DA:186,6
DA:191,9
DA:192,2
DA:194,2
DA:195,2
DA:197,1
DA:199,4
DA:206,18
DA:215,9
DA:216,9
DA:218,36
DA:219,18
DA:220,9
DA:221,9
DA:222,9
DA:223,8
DA:224,16
DA:225,3
DA:226,7
DA:227,7
DA:228,3
DA:229,6
DA:230,6
DA:231,2
DA:232,4
DA:233,4
DA:238,9
DA:241,2
DA:242,4
DA:245,10
DA:246,30
DA:247,20
DA:248,10
DA:253,8
DA:254,24
DA:255,8
DA:259,8
DA:261,16
DA:262,8
DA:265,16
DA:266,8
DA:270,4
DA:271,8
DA:272,20
DA:273,8
DA:278,4
DA:279,0
DA:280,0
DA:283,0
DA:287,8
DA:288,8
DA:289,8
DA:290,8
DA:293,10
DA:294,4
DA:296,6
DA:300,2
DA:302,16
DA:305,8
DA:311,9
DA:314,36
DA:315,18
DA:316,9
DA:317,9
DA:318,9
DA:319,36
DA:321,4
DA:324,6
DA:325,6
DA:326,6
DA:327,8
DA:329,24
DA:330,30
DA:334,18
DA:341,3
DA:342,3
DA:343,3
DA:345,9
DA:346,3
DA:347,3
DA:351,18
DA:352,3
DA:353,9
DA:354,6
DA:355,6
DA:358,4
DA:360,8
DA:361,2
DA:362,6
DA:363,3
DA:364,3
DA:365,3
DA:366,6
DA:368,1
DA:369,1
DA:370,6
DA:371,6
DA:372,6
DA:373,6
DA:374,3
DA:379,3
DA:380,6
DA:387,1
DA:389,4
DA:390,2
DA:391,1
DA:392,3
DA:393,1
DA:394,3
DA:395,2
DA:396,3
DA:397,3
DA:399,5
DA:402,2
DA:409,4
DA:410,12
DA:412,4
DA:414,8
DA:415,4
DA:418,4
DA:419,2
DA:427,4
DA:429,4
DA:430,2
DA:431,4
DA:433,2
DA:434,1
DA:436,3
DA:437,3
DA:439,6
DA:442,3
DA:443,6
DA:445,2
DA:447,2
DA:449,2
DA:453,6
DA:455,3
DA:458,3
DA:460,4
DA:461,2
DA:470,1
DA:472,4
DA:473,2
DA:474,2
DA:477,1
DA:480,1
DA:481,1
DA:483,1
DA:485,1
DA:488,1
DA:490,1
DA:491,1
DA:493,1
DA:495,4
DA:498,0
DA:499,0
DA:500,0
DA:502,0
DA:506,3
DA:507,4
DA:513,1
DA:514,1
DA:515,1
DA:519,1
DA:520,1
DA:521,1
DA:522,1
DA:526,1
DA:527,1
DA:528,1
DA:529,2
DA:531,1
DA:536,1
DA:537,1
DA:538,2
DA:539,4
DA:542,0
DA:543,0
DA:544,0
DA:554,3
DA:555,6
DA:558,3
DA:559,3
DA:560,3
DA:561,3
DA:562,3
DA:566,1
DA:567,2
DA:568,1
DA:569,1
DA:570,29
DA:571,2
DA:572,2
DA:573,1
DA:575,2
DA:578,3
DA:579,1
DA:581,3
DA:598,1
DA:599,1
DA:600,1
DA:602,3
DA:603,2
DA:604,3
DA:606,4
DA:607,1
DA:611,5
DA:612,5
DA:613,20
DA:614,20
DA:615,15
DA:618,5
DA:622,3
DA:623,12
DA:624,6
DA:625,3
DA:626,3
DA:633,2
DA:634,8
DA:635,7
DA:636,3
DA:643,2
DA:644,6
DA:647,8
DA:650,2
DA:651,1
DA:652,1
DA:655,3
DA:656,9
DA:657,6
DA:658,12
DA:659,9
DA:660,6
DA:661,12
DA:662,9
DA:663,9
DA:664,9
DA:665,6
DA:666,12
DA:667,9
DA:668,6
DA:669,12
DA:682,2
DA:683,6
DA:684,6
DA:685,4
DA:686,6
DA:687,0
DA:694,4
DA:695,4
DA:696,8
DA:697,6
DA:698,6
DA:699,6
DA:706,1
DA:707,1
DA:711,8
DA:718,1
DA:719,5
DA:720,2
DA:723,5
DA:724,2
DA:726,1
DA:727,2
DA:728,1
DA:736,8
DA:737,2
DA:740,6
DA:746,1
DA:747,4
DA:750,2
DA:751,2
DA:755,6
DA:767,4
DA:768,8
DA:769,16
DA:770,16
DA:771,8
DA:772,4
DA:773,6
DA:779,1
DA:780,2
DA:781,2
DA:782,2
DA:787,2
DA:788,4
DA:789,4
DA:790,3
DA:791,4
DA:796,4
DA:797,8
DA:801,1
DA:802,3
DA:807,3
DA:808,6
DA:809,2
DA:810,9
DA:811,6
DA:812,12
DA:814,5
DA:816,6
DA:817,3
DA:822,1
DA:823,2
DA:827,1
DA:828,6
DA:834,6
DA:836,6
DA:837,24
DA:838,6
DA:839,8
DA:841,6
DA:843,6
DA:845,3
DA:850,12
DA:858,1
DA:859,6
DA:865,2
DA:866,4
DA:867,2
DA:868,2
DA:872,4
DA:874,1
DA:875,10
DA:877,4
DA:878,8
DA:880,1
DA:881,4
DA:883,4
DA:884,4
DA:886,2
DA:887,4
DA:889,2
LF:394
LH:377
end_of_record
SF:lib/tx_out.dart
DA:24,8
DA:29,8
DA:30,8
DA:31,8
DA:34,6
DA:38,12
DA:44,3
DA:45,3
DA:46,6
DA:47,9
DA:48,9
DA:52,3
DA:53,3
DA:54,6
DA:55,6
DA:56,6
DA:60,7
DA:61,28
DA:62,7
DA:66,6
DA:70,6
DA:73,6
DA:77,7
DA:78,14
DA:79,21
DA:80,42
DA:84,1
DA:85,3
DA:88,2
DA:89,8
DA:92,2
DA:93,4
DA:96,7
DA:98,4
DA:100,14
DA:101,28
DA:102,28
DA:106,3
DA:107,6
DA:110,2
DA:111,4
LF:41
LH:41
end_of_record
SF:lib/address.dart
DA:37,6
DA:43,6
DA:44,6
DA:45,18
DA:46,6
DA:47,12
DA:61,2
DA:62,6
DA:65,6
DA:68,4
DA:69,4
DA:73,1
DA:74,2
DA:77,1
DA:78,2
DA:81,6
DA:82,6
DA:83,12
DA:87,1
DA:88,2
DA:91,6
DA:92,18
DA:93,12
DA:96,4
DA:97,8
DA:100,2
DA:101,4
DA:102,6
DA:103,4
DA:106,1
DA:107,2
DA:110,1
DA:111,2
DA:112,1
DA:115,0
DA:116,0
DA:119,2
DA:120,2
DA:121,4
DA:124,1
DA:125,2
DA:128,1
DA:131,2
DA:135,1
DA:139,1
DA:141,1
DA:148,2
DA:149,2
DA:150,2
DA:151,2
DA:152,6
DA:153,2
DA:154,2
DA:159,1
DA:160,1
DA:161,5
DA:163,2
DA:166,1
DA:167,2
DA:170,2
DA:171,8
DA:174,2
DA:175,4
DA:178,4
DA:179,12
DA:180,24
DA:205,4
DA:206,12
DA:209,1
DA:210,5
DA:213,3
DA:219,1
DA:220,2
DA:224,1
DA:228,1
DA:231,2
DA:232,2
DA:237,0
DA:241,0
DA:244,0
DA:245,0
LF:81
LH:75
end_of_record
SF:lib/constants.dart
DA:3,42
DA:6,9
DA:9,0
DA:12,0
LF:4
LH:2
end_of_record
SF:lib/hash.dart
DA:14,15
DA:16,6
DA:18,18
DA:20,0
DA:26,3
DA:32,2
DA:33,2
DA:34,4
DA:37,15
DA:38,15
DA:40,30
DA:43,9
DA:44,27
DA:47,10
DA:48,10
DA:49,20
DA:52,10
DA:53,30
DA:56,1
DA:57,1
DA:58,2
DA:61,1
DA:62,4
DA:63,2
DA:66,6
DA:67,24
DA:68,12
DA:71,3
DA:72,12
DA:73,6
LF:30
LH:29
end_of_record
SF:lib/op_code.dart
DA:19,11
DA:20,11
DA:23,3
DA:24,3
DA:28,2
DA:29,4
DA:32,4
DA:33,8
DA:36,10
DA:37,10
DA:41,9
DA:45,10
DA:47,20
DA:49,0
DA:50,0
DA:57,9
DA:58,9
LF:17
LH:15
end_of_record
SF:lib/priv_key.dart
DA:15,14
DA:20,14
DA:21,14
DA:22,14
DA:23,28
DA:37,1
DA:38,1
DA:41,2
DA:46,0
DA:47,0
DA:50,0
DA:54,1
DA:55,2
DA:58,5
DA:59,10
DA:62,1
DA:63,1
DA:66,2
DA:67,4
DA:70,2
DA:71,2
DA:74,4
DA:75,8
DA:78,4
DA:79,4
DA:82,5
DA:84,45
DA:85,5
DA:86,3
DA:87,1
DA:95,15
DA:105,20
DA:108,8
DA:109,8
DA:113,1
DA:114,2
DA:115,1
DA:118,1
DA:119,2
DA:122,11
DA:128,11
DA:129,11
DA:130,22
DA:134,11
DA:135,11
DA:139,3
DA:140,3
DA:146,6
DA:149,3
DA:150,3
DA:151,6
DA:152,3
DA:155,4
DA:161,2
DA:162,6
DA:165,2
DA:166,2
DA:169,3
DA:170,6
DA:173,1
DA:174,1
DA:177,1
DA:178,3
DA:181,1
DA:187,2
DA:189,2
LF:66
LH:63
end_of_record
SF:lib/pub_key.dart
DA:26,14
DA:30,14
DA:31,14
DA:34,1
DA:35,2
DA:38,1
DA:39,2
DA:42,1
DA:43,3
DA:46,3
DA:47,6
DA:50,4
DA:51,8
DA:55,1
DA:56,3
DA:60,4
DA:61,4
DA:65,8
DA:66,4
DA:67,4
DA:68,4
DA:80,9
DA:87,34
DA:88,6
DA:89,6
DA:90,36
DA:93,12
DA:94,12
DA:96,12
DA:97,6
DA:98,14
DA:99,5
DA:100,10
DA:101,5
DA:102,5
DA:103,14
DA:104,6
DA:105,12
DA:106,6
DA:107,6
DA:114,7
DA:119,14
DA:123,5
DA:124,5
DA:127,10
DA:128,10
DA:134,10
DA:137,12
DA:138,0
DA:143,24
DA:144,24
DA:146,12
DA:147,12
DA:152,8
DA:154,8
DA:156,48
DA:157,12
DA:158,12
DA:160,22
DA:163,12
DA:171,3
DA:172,6
DA:175,3
DA:176,3
DA:177,0
DA:180,3
DA:181,6
DA:182,6
DA:194,3
DA:195,6
DA:198,3
DA:199,5
DA:200,6
DA:203,1
DA:204,2
DA:208,2
DA:209,0
DA:213,4
DA:214,2
DA:225,8
DA:226,16
DA:229,24
DA:230,16
DA:233,16
DA:237,13
DA:238,52
DA:239,26
LF:87
LH:84
end_of_record
SF:lib/bsm.dart
DA:26,3
DA:34,1
DA:42,1
DA:43,1
DA:46,1
DA:47,3
DA:48,2
DA:49,2
DA:50,1
DA:51,1
DA:53,2
DA:64,1
DA:65,1
DA:66,1
DA:67,2
DA:69,1
DA:80,1
DA:85,2
DA:86,1
DA:87,1
DA:88,3
DA:89,1
DA:91,2
DA:101,1
DA:102,2
DA:103,3
DA:104,1
DA:105,1
DA:106,2
DA:110,1
DA:111,2
DA:113,1
DA:114,2
DA:115,2
DA:116,2
DA:117,3
DA:119,2
DA:120,0
DA:124,2
DA:125,2
DA:130,1
DA:131,2
DA:132,3
DA:134,1
DA:136,1
LF:45
LH:44
end_of_record
SF:lib/cmp.dart
DA:22,6
DA:23,18
DA:28,18
DA:29,6
DA:30,6
DA:31,12
DA:34,6
LF:7
LH:7
end_of_record
SF:lib/ecdsa.dart
DA:44,6
DA:53,1
DA:54,1
DA:55,3
DA:56,4
DA:57,3
DA:58,3
DA:59,1
DA:60,1
DA:64,1
DA:65,5
DA:66,2
DA:67,4
DA:69,4
DA:70,4
DA:71,2
DA:72,2
DA:76,1
DA:77,2
DA:78,1
DA:81,1
DA:83,2
DA:84,1
DA:87,2
DA:88,4
DA:91,4
DA:93,2
DA:99,10
DA:100,6
DA:101,4
DA:102,6
DA:107,0
DA:117,1
DA:122,1
DA:124,1
DA:127,2
DA:130,1
DA:131,1
DA:132,1
DA:133,3
DA:135,1
DA:136,4
DA:138,1
DA:139,4
DA:141,1
DA:142,3
DA:147,1
DA:148,1
DA:151,2
DA:152,2
DA:153,1
DA:172,5
DA:173,15
DA:174,15
DA:175,25
DA:176,5
DA:177,10
DA:178,10
DA:179,10
DA:180,10
DA:181,10
DA:184,5
DA:186,10
DA:187,5
DA:188,10
DA:189,10
DA:190,10
DA:191,10
DA:192,10
DA:195,5
DA:196,10
DA:197,10
DA:198,5
DA:199,5
DA:209,16
DA:210,1
DA:211,2
DA:212,2
DA:213,2
DA:216,1
DA:217,2
DA:218,2
DA:219,1
DA:222,5
DA:226,2
DA:227,4
DA:228,4
DA:232,4
DA:233,4
DA:234,4
DA:237,2
DA:241,4
DA:243,2
DA:244,2
DA:247,0
DA:248,6
DA:254,2
DA:255,2
DA:270,4
DA:274,2
DA:277,8
DA:279,2
DA:280,6
DA:281,2
DA:286,1
DA:287,1
DA:288,1
DA:291,6
DA:293,30
DA:298,18
DA:300,2
DA:303,12
DA:304,12
DA:305,18
DA:306,18
DA:311,4
DA:316,6
DA:317,6
DA:318,11
DA:320,6
DA:321,6
DA:322,12
DA:323,12
DA:325,30
DA:327,6
DA:331,24
DA:338,5
DA:339,10
DA:340,16
DA:341,2
DA:343,10
DA:345,5
DA:351,15
DA:355,5
DA:356,5
DA:357,5
DA:363,6
DA:364,5
DA:366,5
DA:367,5
DA:368,5
DA:369,10
DA:370,25
DA:371,20
DA:375,15
DA:377,10
DA:379,10
DA:382,15
DA:387,1
DA:388,1
DA:389,1
DA:392,1
DA:393,1
DA:394,1
DA:395,3
DA:397,1
DA:398,3
DA:400,1
DA:401,3
DA:403,1
DA:404,3
DA:406,1
DA:409,6
DA:411,6
DA:413,6
DA:416,6
DA:417,4
DA:421,6
DA:423,4
DA:428,4
DA:433,4
DA:437,8
DA:440,5
DA:447,5
DA:451,5
DA:452,10
LF:176
LH:174
end_of_record
SF:lib/key_pair.dart
DA:25,9
DA:26,9
DA:27,9
DA:30,2
DA:31,4
DA:34,2
DA:35,4
DA:38,3
DA:39,3
DA:40,9
DA:42,3
DA:43,9
DA:48,2
DA:49,2
DA:50,2
DA:51,8
DA:53,2
DA:54,2
DA:55,8
DA:60,2
DA:62,2
DA:64,2
DA:65,4
DA:66,4
DA:67,4
DA:69,1
DA:71,2
DA:72,4
DA:73,4
DA:74,4
DA:76,1
DA:81,2
DA:82,4
DA:85,2
DA:86,4
DA:87,2
DA:90,2
DA:91,4
DA:94,2
DA:95,4
DA:98,2
DA:99,2
DA:100,4
DA:101,4
DA:105,1
DA:106,3
DA:107,1
DA:111,4
DA:112,4
DA:113,12
DA:117,7
DA:118,21
DA:119,28
LF:53
LH:53
end_of_record
SF:lib/sig.dart
DA:41,7
DA:48,13
DA:49,13
DA:50,7
DA:51,7
DA:52,7
DA:55,1
DA:56,2
DA:59,0
DA:60,0
DA:63,1
DA:64,2
DA:67,1
DA:68,2
DA:71,0
DA:72,0
DA:75,2
DA:76,4
DA:79,2
DA:81,2
DA:84,1
DA:86,1
DA:89,1
DA:90,1
DA:91,1
DA:92,1
DA:93,1
DA:95,1
DA:99,3
DA:101,12
DA:102,3
DA:104,1
DA:107,7
DA:111,3
DA:112,3
DA:114,3
DA:115,3
DA:120,3
DA:121,3
DA:122,3
DA:123,6
DA:126,12
DA:129,6
DA:130,6
DA:135,5
DA:136,5
DA:137,10
DA:138,10
DA:144,4
DA:145,8
DA:147,6
DA:148,6
DA:149,3
DA:155,24
DA:156,12
DA:157,4
DA:158,4
DA:162,2
DA:163,2
DA:170,5
DA:179,5
DA:181,5
DA:185,5
DA:186,10
DA:187,2
DA:190,5
DA:193,10
DA:194,5
DA:198,10
DA:199,20
DA:200,5
DA:201,20
DA:202,10
DA:206,20
DA:207,5
DA:211,20
DA:212,40
DA:213,5
DA:214,30
DA:215,10
DA:219,20
DA:220,10
DA:224,5
DA:256,4
DA:257,8
DA:261,8
DA:265,8
DA:269,16
DA:273,3
DA:274,9
DA:278,6
DA:279,12
DA:284,3
DA:285,9
DA:289,3
DA:293,9
DA:297,12
DA:302,6
DA:303,12
DA:307,3
DA:311,9
DA:315,12
DA:328,3
DA:329,6
DA:330,12
DA:344,1
DA:345,2
DA:346,2
DA:352,3
DA:353,6
DA:354,6
DA:356,8
DA:360,6
DA:361,3
DA:362,2
DA:364,6
DA:365,6
DA:366,6
DA:367,6
DA:368,6
DA:369,6
DA:370,6
DA:374,0
DA:375,0
DA:376,0
DA:379,5
DA:380,10
DA:381,10
DA:383,10
DA:384,10
DA:386,5
DA:387,10
DA:388,15
DA:389,10
DA:392,5
DA:393,2
DA:394,3
DA:395,2
DA:399,25
DA:400,5
DA:401,5
DA:406,10
DA:407,15
DA:408,10
DA:409,15
DA:410,10
DA:415,3
DA:416,3
DA:417,3
DA:418,12
DA:419,6
DA:420,6
DA:421,6
DA:425,3
DA:426,6
DA:429,1
DA:430,2
LF:157
LH:150
end_of_record
SF:lib/point.dart
DA:7,48
DA:12,15
DA:13,15
DA:14,90
DA:42,11
DA:50,22
DA:52,33
DA:53,11
DA:54,22
DA:56,33
DA:58,11
DA:60,11
DA:63,15
DA:64,15
DA:65,15
DA:69,15
DA:70,45
DA:73,16
DA:74,48
DA:77,0
DA:79,24
DA:81,1
DA:82,1
DA:85,2
DA:86,2
DA:90,8
DA:91,32
DA:95,15
DA:96,60
DA:100,7
DA:103,21
DA:112,15
DA:113,60
DA:116,15
DA:117,60
DA:120,0
DA:121,0
DA:124,2
DA:125,2
DA:126,6
DA:127,6
DA:131,0
DA:132,0
DA:133,0
DA:135,0
DA:139,2
DA:140,4
DA:149,9
DA:150,9
DA:151,36
DA:152,18
DA:155,36
DA:159,54
DA:160,54
DA:166,11
DA:167,22
DA:170,11
DA:172,55
DA:173,110
DA:174,11
DA:181,11
DA:182,44
DA:184,55
DA:188,44
DA:189,0
DA:194,8
DA:196,8
DA:197,24
DA:199,0
DA:202,0
DA:203,0
LF:71
LH:60
end_of_record
SF:lib/random.dart
DA:5,14
DA:6,14
DA:8,14
DA:9,14
DA:11,28
DA:12,28
LF:6
LH:6
end_of_record
SF:lib/sig_operation.dart
DA:26,2
DA:27,4
DA:30,1
DA:31,1
DA:32,3
DA:33,3
DA:34,1
DA:35,1
DA:36,2
DA:38,3
DA:39,1
DA:40,1
DA:41,1
DA:42,1
DA:43,1
DA:60,1
DA:61,4
DA:62,5
DA:63,1
DA:64,1
DA:65,1
DA:66,1
DA:67,1
DA:68,1
DA:70,1
DA:89,1
DA:97,2
DA:98,1
DA:104,3
DA:117,2
DA:122,4
DA:124,6
DA:125,4
DA:126,2
DA:127,4
DA:128,2
DA:130,2
DA:131,4
DA:135,2
DA:143,2
DA:145,4
DA:151,2
DA:166,2
DA:167,4
DA:168,6
LF:45
LH:45
end_of_record
SF:lib/block_header.dart
DA:23,2
DA:32,0
DA:33,0
DA:36,1
DA:37,2
DA:40,0
DA:41,0
DA:44,2
DA:45,6
DA:48,1
DA:49,2
DA:52,2
DA:53,4
DA:56,2
DA:57,2
DA:58,2
DA:59,4
DA:60,4
DA:61,2
DA:62,2
DA:63,2
DA:67,2
DA:68,2
DA:69,2
DA:70,4
DA:71,4
DA:72,2
DA:73,2
DA:74,2
DA:78,2
DA:79,4
DA:80,4
DA:81,4
DA:82,4
DA:83,4
DA:84,4
DA:88,2
DA:90,2
DA:92,4
DA:93,4
DA:94,4
DA:95,4
DA:96,4
DA:97,4
LF:44
LH:40
end_of_record
SF:lib/hash_cache.dart
DA:19,5
DA:25,1
DA:26,3
DA:29,1
DA:30,3
DA:34,2
DA:35,4
DA:36,4
DA:38,4
DA:39,4
DA:41,4
DA:42,4
DA:47,2
DA:48,2
DA:50,4
DA:52,4
DA:54,4
DA:58,1
DA:59,2
LF:19
LH:19
end_of_record
SF:lib/interp.dart
DA:74,3
DA:88,3
DA:89,3
DA:90,3
DA:91,6
DA:92,6
DA:93,3
DA:94,3
DA:95,3
DA:96,6
DA:97,3
DA:98,3
DA:99,6
DA:102,1
DA:103,1
DA:104,1
DA:107,3
DA:108,1
DA:109,1
DA:110,1
DA:111,3
DA:116,0
DA:117,0
DA:120,0
DA:121,0
DA:124,1
DA:125,3
DA:128,1
DA:129,2
DA:132,3
DA:133,6
DA:134,6
DA:135,6
DA:136,3
DA:137,3
DA:138,3
DA:139,6
DA:140,3
DA:141,3
DA:145,1
DA:146,1
DA:147,2
DA:155,1
DA:161,1
DA:162,4
DA:163,2
DA:165,2
DA:166,3
DA:167,3
DA:169,2
DA:170,3
DA:171,3
DA:174,2
DA:175,2
DA:176,2
DA:177,3
DA:178,2
DA:179,2
DA:184,1
DA:185,1
DA:186,2
DA:193,1
DA:194,1
DA:195,3
DA:196,2
DA:198,1
DA:199,3
DA:200,2
DA:202,1
DA:203,3
DA:204,1
DA:207,1
DA:208,1
DA:209,1
DA:210,1
DA:211,1
DA:212,1
DA:216,1
DA:218,1
DA:220,3
DA:221,2
DA:222,1
DA:223,1
DA:224,2
DA:225,2
DA:226,2
DA:228,1
DA:239,2
DA:241,6
DA:242,1
DA:244,6
DA:245,2
DA:247,6
DA:248,1
DA:250,6
DA:251,2
DA:253,6
DA:254,0
DA:256,6
DA:257,1
DA:259,6
DA:260,1
DA:262,6
DA:263,1
DA:265,6
DA:266,1
DA:268,6
DA:269,1
DA:271,6
DA:272,1
DA:274,6
DA:275,1
DA:277,6
DA:278,1
DA:283,3
DA:284,8
DA:285,6
DA:287,15
DA:300,3
DA:303,6
DA:316,6
DA:317,3
DA:318,3
DA:319,3
DA:321,2
DA:322,2
DA:324,9
DA:325,2
DA:326,1
DA:327,1
DA:330,9
DA:331,2
DA:332,1
DA:333,1
DA:344,3
DA:345,9
DA:346,1
DA:347,1
DA:357,1
DA:365,3
DA:366,1
DA:367,3
DA:368,1
DA:374,3
DA:388,6
DA:399,1
DA:402,5
DA:406,3
DA:414,2
DA:421,1
DA:422,1
DA:423,1
DA:432,1
DA:433,1
DA:434,1
DA:435,1
DA:441,1
DA:454,3
DA:455,12
DA:456,1
DA:457,1
DA:461,18
DA:462,15
DA:463,3
DA:465,3
DA:467,3
DA:472,18
DA:473,1
DA:474,1
DA:477,2
DA:478,2
DA:479,1
DA:480,2
DA:481,6
DA:482,2
DA:484,0
DA:489,9
DA:490,1
DA:491,1
DA:494,3
DA:501,0
DA:502,9
DA:504,12
DA:509,12
DA:510,6
DA:511,9
DA:512,3
DA:515,3
DA:516,3
DA:518,0
DA:521,3
DA:522,9
DA:523,1
DA:528,12
DA:529,1
DA:533,3
DA:534,3
DA:535,3
DA:536,3
DA:537,1
DA:541,6
DA:542,3
DA:543,4
DA:544,1
DA:547,3
DA:548,6
DA:549,12
DA:552,9
DA:555,4
DA:560,3
DA:561,3
DA:562,3
DA:563,3
DA:564,3
DA:565,3
DA:566,3
DA:567,3
DA:568,3
DA:569,3
DA:570,3
DA:571,3
DA:572,3
DA:573,3
DA:574,3
DA:575,3
DA:576,3
DA:580,4
DA:581,4
DA:582,4
DA:591,3
DA:594,3
DA:596,6
DA:598,4
DA:599,2
DA:601,1
DA:607,3
DA:608,1
DA:626,5
DA:627,1
DA:632,1
DA:637,1
DA:638,1
DA:643,1
DA:644,1
DA:650,3
DA:652,6
DA:654,2
DA:655,1
DA:657,1
DA:663,3
DA:664,1
DA:671,5
DA:672,1
DA:677,1
DA:682,1
DA:683,1
DA:690,2
DA:695,1
DA:696,1
DA:702,3
DA:703,3
DA:704,3
DA:705,3
DA:706,3
DA:707,3
DA:708,3
DA:709,3
DA:710,3
DA:711,3
DA:713,1
DA:718,3
DA:719,3
DA:725,6
DA:726,1
DA:730,4
DA:731,2
DA:732,2
DA:736,4
DA:740,3
DA:741,6
DA:742,1
DA:745,10
DA:746,10
DA:749,3
DA:750,6
DA:751,2
DA:754,4
DA:757,3
DA:761,6
DA:762,1
DA:765,10
DA:766,2
DA:768,2
DA:770,2
DA:776,3
DA:778,1
DA:786,3
DA:787,3
DA:788,1
DA:791,4
DA:794,3
DA:795,3
DA:796,1
DA:799,4
DA:802,3
DA:804,3
DA:805,1
DA:808,2
DA:809,2
DA:812,3
DA:815,3
DA:816,1
DA:819,5
DA:820,5
DA:821,2
DA:822,2
DA:826,3
DA:829,3
DA:830,1
DA:833,5
DA:834,5
DA:835,5
DA:836,2
DA:837,2
DA:838,2
DA:842,3
DA:845,3
DA:846,1
DA:849,5
DA:850,5
DA:851,2
DA:852,2
DA:856,3
DA:859,3
DA:860,1
DA:863,5
DA:864,3
DA:865,3
DA:869,3
DA:872,3
DA:873,1
DA:876,5
DA:877,3
DA:878,3
DA:882,3
DA:885,3
DA:886,1
DA:889,5
DA:890,1
DA:892,2
DA:897,3
DA:901,8
DA:902,4
DA:906,3
DA:908,6
DA:909,1
DA:912,4
DA:915,3
DA:917,9
DA:918,1
DA:921,21
DA:924,3
DA:926,6
DA:927,1
DA:930,10
DA:933,3
DA:935,3
DA:936,1
DA:939,7
DA:942,3
DA:943,3
DA:947,6
DA:948,1
DA:951,10
DA:952,2
DA:956,2
DA:957,4
DA:958,8
DA:959,1
DA:962,12
DA:963,2
DA:964,6
DA:966,4
DA:970,3
DA:975,3
DA:976,1
DA:979,5
DA:980,5
DA:981,5
DA:982,5
DA:983,5
DA:984,5
DA:988,3
DA:991,6
DA:992,1
DA:995,10
DA:996,10
DA:997,10
DA:998,10
DA:1002,3
DA:1004,3
DA:1005,1
DA:1008,2
DA:1009,3
DA:1011,5
DA:1015,3
DA:1018,6
DA:1019,1
DA:1023,14
DA:1024,6
DA:1031,3
DA:1032,3
DA:1033,3
DA:1035,3
DA:1036,1
DA:1039,5
DA:1040,5
DA:1042,3
DA:1043,1
DA:1048,1
DA:1049,3
DA:1050,3
DA:1053,1
DA:1054,3
DA:1055,3
DA:1058,1
DA:1059,3
DA:1060,3
DA:1066,2
DA:1068,3
DA:1070,3
DA:1071,1
DA:1074,5
DA:1075,3
DA:1076,3
DA:1079,3
DA:1080,3
DA:1083,3
DA:1084,1
DA:1088,5
DA:1089,1
DA:1090,1
DA:1091,5
DA:1093,1
DA:1094,1
DA:1095,1
DA:1099,2
DA:1100,2
DA:1103,1
DA:1104,1
DA:1106,1
DA:1107,1
DA:1111,4
DA:1112,3
DA:1115,2
DA:1116,5
DA:1117,2
DA:1121,2
DA:1124,3
DA:1125,3
DA:1129,9
DA:1130,1
DA:1133,15
DA:1134,15
DA:1135,9
DA:1141,24
DA:1142,24
DA:1145,6
DA:1146,3
DA:1148,6
DA:1150,2
DA:1160,3
DA:1161,3
DA:1162,3
DA:1163,3
DA:1164,3
DA:1165,3
DA:1168,6
DA:1169,1
DA:1172,10
DA:1173,2
DA:1178,2
DA:1179,4
DA:1181,2
DA:1182,4
DA:1184,2
DA:1185,1
DA:1187,2
DA:1188,2
DA:1190,2
DA:1191,2
DA:1192,4
DA:1194,1
DA:1195,1
DA:1196,2
DA:1200,4
DA:1201,6
DA:1205,3
DA:1206,3
DA:1207,3
DA:1208,3
DA:1209,3
DA:1210,3
DA:1211,3
DA:1212,3
DA:1213,3
DA:1214,3
DA:1215,3
DA:1216,3
DA:1217,3
DA:1218,3
DA:1219,3
DA:1220,3
DA:1223,6
DA:1224,1
DA:1227,2
DA:1228,10
DA:1231,2
DA:1232,10
DA:1235,2
DA:1238,2
DA:1239,2
DA:1242,2
DA:1243,2
DA:1246,2
DA:1247,1
DA:1250,2
DA:1251,2
DA:1252,1
DA:1255,1
DA:1258,2
DA:1259,2
DA:1260,1
DA:1263,1
DA:1267,2
DA:1268,4
DA:1269,4
DA:1272,1
DA:1273,2
DA:1275,2
DA:1278,1
DA:1279,1
DA:1281,2
DA:1284,1
DA:1285,1
DA:1286,2
DA:1289,1
DA:1290,1
DA:1291,2
DA:1294,1
DA:1295,1
DA:1296,2
DA:1299,1
DA:1300,1
DA:1301,2
DA:1304,1
DA:1305,1
DA:1306,2
DA:1309,1
DA:1310,1
DA:1311,2
DA:1313,1
DA:1314,1
DA:1316,1
DA:1317,1
DA:1321,4
DA:1322,4
DA:1323,6
DA:1325,2
DA:1327,6
DA:1328,2
DA:1330,0
DA:1337,3
DA:1340,6
DA:1341,1
DA:1344,2
DA:1345,10
DA:1348,2
DA:1349,10
DA:1352,2
DA:1353,10
DA:1357,4
DA:1358,4
DA:1359,4
DA:1360,4
DA:1361,4
DA:1368,3
DA:1369,3
DA:1370,3
DA:1371,3
DA:1372,3
DA:1375,9
DA:1376,1
DA:1379,15
DA:1382,3
DA:1383,4
DA:1384,3
DA:1385,4
DA:1386,3
DA:1387,8
DA:1388,3
DA:1389,12
DA:1390,1
DA:1391,4
DA:1393,6
DA:1394,6
DA:1398,3
DA:1400,4
DA:1403,3
DA:1404,2
DA:1407,9
DA:1408,2
DA:1412,15
DA:1413,15
DA:1417,3
DA:1418,12
DA:1425,6
DA:1426,9
DA:1427,9
DA:1429,6
DA:1430,6
DA:1431,1
DA:1435,3
DA:1436,9
DA:1439,3
DA:1440,3
DA:1447,6
DA:1448,6
DA:1449,3
DA:1450,6
DA:1453,3
DA:1455,9
DA:1456,3
DA:1457,3
DA:1460,3
DA:1465,24
DA:1466,24
DA:1470,6
DA:1471,3
DA:1473,2
DA:1475,1
DA:1482,2
DA:1483,1
DA:1488,6
DA:1489,1
DA:1493,2
DA:1494,10
DA:1496,2
DA:1497,4
DA:1498,1
DA:1501,4
DA:1502,4
DA:1503,1
DA:1507,2
DA:1508,2
DA:1509,6
DA:1510,1
DA:1514,2
DA:1515,10
DA:1517,2
DA:1518,4
DA:1519,1
DA:1523,2
DA:1524,2
DA:1525,6
DA:1526,2
DA:1531,2
DA:1532,8
DA:1534,4
DA:1535,12
DA:1538,4
DA:1539,6
DA:1540,6
DA:1542,4
DA:1543,3
DA:1544,1
DA:1549,2
DA:1550,6
DA:1555,2
DA:1557,10
DA:1559,10
DA:1561,2
DA:1562,2
DA:1569,4
DA:1570,4
DA:1571,4
DA:1574,2
DA:1577,6
DA:1578,2
DA:1579,2
DA:1587,2
DA:1588,2
DA:1590,2
DA:1591,2
DA:1595,2
DA:1601,4
DA:1602,4
DA:1611,6
DA:1612,0
DA:1615,6
DA:1616,14
DA:1617,2
DA:1620,4
DA:1623,4
DA:1625,2
DA:1627,2
DA:1629,0
DA:1639,1
DA:1640,3
DA:1641,1
DA:1645,5
DA:1646,5
DA:1648,5
DA:1649,6
DA:1650,2
DA:1653,1
DA:1654,3
DA:1655,1
DA:1659,5
DA:1660,1
DA:1661,5
DA:1665,3
DA:1666,1
DA:1670,2
DA:1671,2
DA:1673,2
DA:1674,2
DA:1676,2
DA:1677,2
DA:1682,1
DA:1697,3
DA:1705,3
DA:1715,6
DA:1716,6
DA:1719,6
DA:1743,3
DA:1753,4
DA:1754,4
DA:1755,4
DA:1756,4
DA:1757,4
DA:1759,6
DA:1760,1
DA:1761,1
DA:1762,2
DA:1763,1
DA:1766,6
DA:1768,6
DA:1769,6
DA:1772,3
DA:1773,3
DA:1774,4
DA:1775,12
DA:1776,4
DA:1777,4
DA:1778,4
DA:1779,4
DA:1781,6
DA:1783,9
DA:1784,1
DA:1785,3
DA:1786,1
DA:1791,6
DA:1792,3
DA:1793,3
DA:1794,9
DA:1795,3
DA:1799,6
DA:1800,3
DA:1802,2
DA:1803,1
DA:1804,2
DA:1805,1
DA:1816,4
DA:1820,6
DA:1821,4
DA:1822,2
DA:1824,2
DA:1826,2
DA:1827,2
DA:1828,2
DA:1829,2
DA:1830,2
DA:1831,2
DA:1834,4
DA:1836,4
DA:1837,0
DA:1838,0
DA:1839,0
DA:1842,8
DA:1843,2
DA:1844,5
DA:1845,2
DA:1847,2
DA:1854,6
DA:1858,2
DA:1861,3
DA:1862,1
DA:1863,2
DA:1864,1
DA:1868,3
DA:1878,2
DA:1879,4
DA:1880,2
DA:1881,2
DA:1883,6
DA:1885,10
DA:1886,6
DA:1887,2
DA:1888,12
DA:1893,1
DA:1895,2
LF:812
LH:798
end_of_record
SF:lib/tx.dart
DA:33,6
DA:41,6
DA:42,12
DA:43,12
DA:44,12
DA:45,12
DA:46,6
DA:49,2
DA:50,2
DA:51,6
DA:52,6
DA:54,2
DA:55,6
DA:56,6
DA:58,2
DA:59,2
DA:60,6
DA:62,6
DA:64,2
DA:68,2
DA:69,2
DA:70,6
DA:71,4
DA:73,2
DA:74,6
DA:75,4
DA:77,2
DA:78,2
DA:79,4
DA:81,4
DA:83,2
DA:87,6
DA:88,12
DA:89,18
DA:90,12
DA:91,12
DA:92,12
DA:93,24
DA:95,18
DA:96,12
DA:97,12
DA:98,12
DA:99,24
DA:101,12
DA:105,1
DA:106,3
DA:109,2
DA:110,4
DA:113,6
DA:115,6
DA:117,12
DA:118,24
DA:119,24
DA:120,18
DA:122,24
DA:123,24
DA:124,18
DA:126,12
DA:131,2
DA:132,2
DA:133,4
DA:135,6
DA:136,4
DA:138,6
DA:141,2
DA:142,2
DA:143,4
DA:145,4
DA:147,6
DA:150,2
DA:151,2
DA:152,4
DA:154,6
DA:156,6
DA:165,4
DA:173,4
DA:174,4
DA:182,4
DA:184,4
DA:191,20
DA:206,4
DA:216,0
DA:217,8
DA:218,4
DA:219,4
DA:220,4
DA:221,4
DA:223,4
DA:224,2
DA:225,1
DA:226,8
DA:229,4
DA:230,4
DA:231,4
DA:232,2
DA:233,1
DA:234,8
DA:237,4
DA:238,4
DA:239,2
DA:240,1
DA:241,8
DA:242,2
DA:243,3
DA:245,6
DA:248,2
DA:249,4
DA:250,4
DA:251,4
DA:252,10
DA:253,8
DA:254,6
DA:255,6
DA:256,2
DA:257,8
DA:258,4
DA:259,4
DA:260,4
DA:262,2
DA:266,4
DA:268,16
DA:269,4
DA:271,16
DA:272,8
DA:273,28
DA:276,8
DA:277,24
DA:279,8
DA:280,2
DA:281,2
DA:283,4
DA:284,1
DA:285,3
DA:288,8
DA:291,8
DA:292,2
DA:297,6
DA:298,6
DA:300,8
DA:301,2
DA:302,6
DA:303,4
DA:304,2
DA:309,8
DA:310,2
DA:311,6
DA:317,8
DA:318,12
DA:319,6
DA:320,6
DA:323,4
DA:324,12
DA:325,4
DA:326,4
DA:327,8
DA:331,4
DA:332,12
DA:335,6
DA:336,12
DA:339,6
DA:340,18
DA:343,4
DA:344,8
DA:347,2
DA:348,4
DA:364,3
DA:373,3
DA:382,3
DA:387,3
DA:405,4
DA:415,4
DA:416,4
DA:424,4
DA:456,4
DA:457,12
DA:465,1
DA:466,5
DA:474,3
DA:481,3
DA:484,1
DA:489,1
DA:491,6
DA:492,15
DA:496,3
DA:498,3
DA:501,2
DA:503,6
DA:504,15
DA:512,2
DA:513,9
DA:520,2
DA:521,6
DA:526,8
DA:527,8
DA:529,2
DA:532,5
DA:536,6
DA:537,8
DA:538,2
DA:540,4
DA:541,4
DA:542,2
DA:548,0
DA:550,0
LF:204
LH:201
end_of_record
SF:lib/tx_in.dart
DA:40,7
DA:47,7
DA:48,7
DA:49,7
DA:50,7
DA:51,7
DA:54,4
DA:60,8
DA:68,3
DA:69,3
DA:71,9
DA:72,3
DA:74,9
DA:75,9
DA:76,3
DA:80,3
DA:81,3
DA:82,9
DA:83,3
DA:84,9
DA:85,9
DA:86,3
DA:90,5
DA:91,20
DA:92,5
DA:96,4
DA:102,4
DA:107,4
DA:111,7
DA:112,14
DA:113,14
DA:114,21
DA:115,35
DA:116,14
DA:120,7
DA:122,5
DA:124,21
DA:125,14
DA:126,28
DA:127,28
DA:128,14
DA:139,2
DA:145,2
DA:146,4
DA:147,2
DA:149,6
DA:151,1
DA:156,2
DA:157,2
DA:158,2
DA:162,2
DA:163,4
DA:164,2
DA:166,4
DA:172,0
DA:173,0
DA:174,0
DA:177,1
DA:178,4
DA:181,1
DA:182,3
DA:185,5
DA:186,15
DA:189,2
DA:190,4
DA:193,5
DA:194,10
LF:67
LH:64
end_of_record
SF:lib/block.dart
DA:32,1
DA:38,0
DA:39,0
DA:42,1
DA:43,2
DA:46,0
DA:47,0
DA:50,1
DA:51,3
DA:54,0
DA:55,0
DA:58,1
DA:59,2
DA:62,1
DA:63,1
DA:64,3
DA:65,3
DA:68,1
DA:69,3
DA:70,3
DA:75,1
DA:76,1
DA:77,3
DA:78,2
DA:80,1
DA:81,2
DA:82,2
DA:87,1
DA:88,3
DA:89,3
DA:90,2
DA:91,2
DA:92,2
DA:93,4
DA:98,1
DA:100,1
DA:102,4
DA:103,3
DA:104,2
DA:105,2
DA:106,3
DA:111,1
DA:112,4
DA:120,1
DA:121,5
DA:129,1
DA:130,5
DA:131,2
DA:132,3
LF:49
LH:43
end_of_record
SF:lib/merkle.dart
DA:21,2
DA:28,2
DA:29,2
DA:30,0
DA:32,2
DA:33,10
DA:35,4
DA:36,4
DA:37,14
DA:38,10
DA:41,0
DA:42,0
DA:43,6
DA:44,6
DA:46,2
DA:47,4
DA:50,2
DA:51,4
DA:53,2
DA:58,3
DA:59,2
DA:60,3
DA:62,4
DA:65,6
DA:66,6
DA:67,2
DA:71,2
DA:72,4
DA:80,2
DA:81,4
DA:82,6
DA:83,6
DA:86,3
DA:87,3
DA:88,3
DA:89,3
DA:90,3
DA:91,3
DA:95,1
DA:96,2
DA:99,1
DA:100,1
DA:101,5
DA:103,1
LF:44
LH:41
end_of_record
SF:lib/tx_builder.dart
DA:40,1
DA:57,2
DA:58,2
DA:59,2
DA:60,2
DA:61,2
DA:62,1
DA:63,1
DA:64,1
DA:65,3
DA:66,1
DA:67,1
DA:68,1
DA:69,3
DA:70,1
DA:71,2
DA:74,1
DA:75,1
DA:76,3
DA:77,6
DA:78,6
DA:79,3
DA:80,3
DA:81,1
DA:82,3
DA:83,1
DA:84,3
DA:85,1
DA:86,3
DA:87,2
DA:88,2
DA:89,2
DA:90,2
DA:91,3
DA:95,1
DA:96,4
DA:97,2
DA:98,5
DA:99,2
DA:100,5
DA:101,4
DA:102,4
DA:103,2
DA:104,3
DA:106,2
DA:107,2
DA:109,2
DA:110,2
DA:112,2
DA:113,2
DA:114,2
DA:115,2
DA:116,4
DA:120,1
DA:121,2
DA:124,1
DA:128,1
DA:129,2
DA:133,1
DA:134,1
DA:142,1
DA:143,1
DA:147,1
DA:148,1
DA:158,1
DA:159,1
DA:172,1
DA:173,1
DA:186,1
DA:191,1
DA:192,2
DA:193,2
DA:201,1
DA:208,1
DA:209,1
DA:210,1
DA:211,1
DA:214,3
DA:219,2
DA:223,1
DA:231,2
DA:247,1
DA:255,3
DA:259,2
DA:265,2
DA:266,2
DA:267,3
DA:268,1
DA:277,1
DA:293,1
DA:294,2
DA:297,4
DA:298,1
DA:307,1
DA:308,2
DA:311,1
DA:312,2
DA:316,1
DA:317,1
DA:318,3
DA:319,3
DA:320,2
DA:321,2
DA:324,2
DA:325,2
DA:330,1
DA:331,1
DA:333,2
DA:334,4
DA:335,2
DA:336,2
DA:337,1
DA:338,1
DA:341,1
DA:344,1
DA:345,0
DA:353,1
DA:356,9
DA:358,2
DA:360,3
DA:362,4
DA:363,1
DA:364,1
DA:365,2
DA:366,2
DA:367,1
DA:368,1
DA:369,5
DA:370,2
DA:371,1
DA:372,1
DA:373,1
DA:374,2
DA:375,1
DA:383,1
DA:384,1
DA:387,1
DA:392,5
DA:394,3
DA:406,1
DA:411,3
DA:414,1
DA:417,3
DA:418,3
DA:419,1
DA:420,2
DA:421,1
DA:422,1
DA:423,2
DA:424,2
DA:428,1
DA:431,0
DA:439,2
DA:440,2
DA:442,1
DA:443,2
DA:444,4
DA:448,2
DA:450,1
DA:451,4
DA:452,9
DA:454,3
DA:455,1
DA:458,3
DA:459,7
DA:460,4
DA:461,2
DA:467,3
DA:468,3
DA:469,4
DA:479,1
DA:480,2
DA:488,1
DA:492,5
DA:493,3
DA:494,1
DA:497,1
DA:504,1
DA:507,3
DA:508,5
DA:509,3
DA:510,2
DA:516,1
DA:517,3
DA:518,3
DA:519,6
DA:520,5
DA:533,1
DA:541,1
DA:542,2
DA:543,2
DA:544,4
DA:545,4
DA:546,2
DA:550,1
DA:552,2
DA:559,1
DA:599,1
DA:607,3
DA:608,1
DA:609,1
DA:613,0
DA:615,1
DA:616,1
DA:618,2
DA:620,1
DA:622,1
DA:630,1
DA:660,1
DA:662,1
DA:663,2
DA:664,3
DA:665,1
DA:670,5
DA:671,3
DA:674,4
DA:675,2
DA:677,1
DA:678,1
DA:679,1
DA:680,1
DA:681,1
DA:683,2
DA:686,4
DA:687,1
DA:688,1
DA:695,1
DA:696,1
DA:697,3
DA:698,3
DA:699,4
DA:700,2
DA:701,1
DA:703,0
LF:234
LH:230
end_of_record
SF:lib/tx_out_map.dart
DA:20,3
DA:21,6
DA:24,2
DA:25,2
DA:26,6
DA:27,4
DA:33,2
DA:34,4
DA:35,8
DA:40,3
DA:41,6
DA:42,6
DA:46,3
DA:47,6
DA:48,6
DA:51,2
DA:52,6
DA:53,8
DA:54,4
DA:55,6
DA:56,4
LF:21
LH:21
end_of_record
SF:lib/tx_verifier.dart
DA:23,2
DA:41,2
DA:42,2
DA:43,2
DA:47,4
DA:48,2
DA:71,2
DA:72,4
DA:85,2
DA:87,16
DA:88,1
DA:89,1
DA:91,16
DA:92,1
DA:93,1
DA:97,8
DA:98,0
DA:99,0
DA:103,2
DA:104,10
DA:105,6
DA:106,4
DA:107,0
DA:108,0
DA:110,4
DA:111,2
DA:112,1
DA:114,4
DA:115,2
DA:116,1
DA:117,1
DA:118,1
DA:123,2
DA:124,10
DA:125,6
DA:126,8
DA:127,2
DA:128,2
DA:129,1
DA:131,2
DA:134,4
DA:135,5
DA:136,4
DA:137,1
DA:138,1
DA:141,10
DA:142,8
DA:143,2
DA:144,1
DA:156,2
DA:157,10
DA:158,4
DA:159,4
DA:160,2
DA:182,2
DA:183,6
DA:184,2
DA:185,8
DA:187,0
DA:190,2
DA:191,2
DA:192,4
DA:193,6
DA:196,2
DA:224,1
DA:225,1
DA:226,1
DA:227,3
DA:231,1
DA:232,2
LF:70
LH:65
end_of_record
SF:lib/common_util.dart
DA:4,1
DA:5,5
DA:8,0
DA:9,0
DA:10,0
DA:11,0
LF:6
LH:2
end_of_record
SF:lib/bip32.dart
DA:28,2
DA:39,2
DA:40,2
DA:41,2
DA:42,2
DA:43,2
DA:44,2
DA:45,2
DA:46,6
DA:47,6
DA:51,1
DA:60,1
DA:68,2
DA:69,2
DA:74,0
DA:83,0
DA:91,0
DA:92,0
DA:96,1
DA:97,2
DA:98,1
DA:99,3
DA:100,1
DA:101,2
DA:102,3
DA:103,4
DA:107,1
DA:108,2
DA:111,1
DA:112,2
DA:115,2
DA:116,2
DA:119,6
DA:122,6
DA:126,6
DA:127,2
DA:129,2
DA:130,6
DA:131,2
DA:132,6
DA:133,4
DA:134,10
DA:135,8
DA:140,2
DA:141,4
DA:144,1
DA:146,2
DA:151,1
DA:153,1
DA:154,5
DA:155,1
DA:156,5
DA:158,3
DA:159,1
DA:160,5
DA:162,3
DA:163,1
DA:165,3
DA:166,3
DA:168,2
DA:169,1
DA:170,4
DA:171,4
DA:172,4
DA:173,3
DA:181,2
DA:182,2
DA:184,2
DA:190,6
DA:191,2
DA:193,2
DA:194,2
DA:198,8
DA:199,2
DA:205,12
DA:207,10
DA:211,2
DA:214,2
DA:220,2
DA:221,2
DA:225,2
DA:226,6
DA:227,6
DA:228,6
DA:229,4
DA:230,2
DA:232,4
DA:234,6
DA:236,2
DA:241,2
DA:245,4
DA:246,4
DA:247,8
DA:248,2
DA:252,12
DA:255,8
DA:257,4
DA:258,4
DA:261,10
DA:263,2
DA:264,2
DA:266,6
DA:267,8
DA:269,6
DA:270,3
DA:271,2
DA:272,2
DA:275,2
DA:277,2
DA:279,1
DA:280,1
DA:281,1
DA:283,1
DA:284,1
DA:286,1
DA:289,2
DA:291,10
DA:292,6
DA:293,4
DA:294,6
DA:299,1
DA:300,1
DA:301,1
DA:302,1
DA:303,1
DA:304,1
DA:305,1
DA:306,1
DA:307,1
DA:308,1
DA:309,1
DA:311,2
DA:312,1
DA:316,2
DA:317,6
DA:318,6
DA:320,2
DA:321,4
DA:322,4
DA:323,4
DA:324,4
DA:325,4
DA:326,2
DA:327,10
DA:328,2
DA:330,3
DA:333,1
DA:334,2
DA:335,2
DA:336,2
DA:337,2
DA:338,2
DA:339,4
DA:340,1
DA:346,2
DA:347,6
DA:358,1
DA:359,2
DA:362,1
DA:363,2
DA:366,1
DA:367,3
LF:162
LH:158
end_of_record
SF:lib/bip39.dart
DA:22,1
DA:28,1
DA:29,1
DA:30,1
DA:31,1
DA:34,1
DA:36,1
DA:38,1
DA:39,2
DA:40,2
DA:41,1
DA:43,0
DA:45,1
DA:46,3
DA:47,2
DA:49,0
DA:54,1
DA:55,1
DA:56,1
DA:57,3
DA:59,1
DA:60,1
DA:61,2
DA:70,1
DA:74,2
DA:77,1
DA:81,2
DA:82,1
DA:83,1
DA:87,1
DA:88,2
DA:91,1
DA:92,1
DA:96,1
DA:97,2
DA:100,1
DA:101,1
DA:105,1
DA:106,2
DA:109,1
DA:110,1
DA:113,1
DA:114,1
DA:115,1
DA:123,1
DA:124,4
DA:128,2
DA:130,2
DA:131,3
DA:132,6
DA:134,2
DA:135,5
DA:136,1
DA:138,3
DA:139,0
DA:143,4
DA:144,1
DA:145,2
DA:147,5
DA:148,3
DA:151,1
DA:160,1
DA:161,1
DA:164,2
DA:166,3
DA:167,3
DA:168,1
DA:171,5
DA:174,3
DA:175,0
DA:179,2
DA:180,2
DA:181,3
DA:182,3
DA:183,4
DA:184,2
DA:185,6
DA:188,2
DA:189,2
DA:190,4
DA:192,1
DA:200,1
DA:202,1
DA:203,1
DA:210,1
DA:211,1
DA:212,2
DA:213,2
DA:214,2
DA:215,2
DA:221,1
DA:222,2
DA:229,2
DA:234,1
DA:238,1
DA:245,1
DA:246,2
DA:249,1
DA:250,2
DA:253,1
DA:254,3
DA:284,1
DA:287,1
DA:288,1
DA:289,1
DA:294,0
DA:297,0
DA:298,0
DA:299,0
DA:304,1
DA:307,1
DA:308,1
DA:309,1
LF:113
LH:105
end_of_record
SF:lib/aescbc.dart
DA:24,1
DA:25,2
DA:29,1
DA:30,2
DA:32,1
DA:33,3
DA:34,1
DA:36,1
DA:39,1
DA:40,2
DA:44,1
DA:45,2
DA:47,1
DA:48,3
DA:49,1
DA:51,1
DA:72,0
DA:76,0
DA:77,0
DA:81,0
DA:84,0
DA:85,0
DA:87,0
DA:92,0
DA:96,0
DA:97,0
DA:101,0
DA:104,0
DA:105,0
DA:107,0
LF:30
LH:16
end_of_record
